WARNING: All log messages before absl::InitializeLog() is called are written to STDERR
I0000 00:00:1774534146.960279   12400 port.cc:153] oneDNN custom operations are on. You may see slightly different numerical results due to floating-point round-off errors from different computation orders. To turn them off, set the environment variable `TF_ENABLE_ONEDNN_OPTS=0`.
WARNING: All log messages before absl::InitializeLog() is called are written to STDERR
I0000 00:00:1774534154.967561   12400 port.cc:153] oneDNN custom operations are on. You may see slightly different numerical results due to floating-point round-off errors from different computation orders. To turn them off, set the environment variable `TF_ENABLE_ONEDNN_OPTS=0`.
INFO:     Started server process [4928]
INFO:     Waiting for application startup.
I0000 00:00:1774534171.322503   12400 cpu_feature_guard.cc:227] This TensorFlow binary is optimized to use available CPU instructions in performance-critical operations.
To enable the following instructions: SSE3 SSE4.1 SSE4.2 AVX AVX2 FMA, in other operations, rebuild TensorFlow with the appropriate compiler flags.
WARNING:tensorflow:TensorFlow GPU support is not available on native Windows for TensorFlow >= 2.11. Even if CUDA/cuDNN are installed, GPU will not be used. Please use WSL2 or the TensorFlow-DirectML plugin.
INFO:     Application startup complete.
ERROR:    [Errno 10048] error while attempting to bind on address ('127.0.0.1', 8000): only one usage of each socket address (protocol/network address/port) is normally permitted
INFO:     Waiting for application shutdown.
INFO:     Application shutdown complete.
Python311\Lib\site-packages\uvicorn\protocols\websockets\websockets_impl.py", line 244, in run_asgi
    result = await self.app(self.scope, self.asgi_receive, self.asgi_send)  # type: ignore[func-returns-value]
             ^^^^^^^^^^^^^^^^^^^^^^^^^^^^^^^^^^^^^^^^^^^^^^^^^^^^^^^^^^^^^
  File "C:\Users\vishn\AppData\Local\Programs\Python\Python311\Lib\site-packages\uvicorn\middleware\proxy_headers.py", line 60, in __call__
    return await self.app(scope, receive, send)
           ^^^^^^^^^^^^^^^^^^^^^^^^^^^^^^^^^^^^
  File "C:\Users\vishn\AppData\Local\Programs\Python\Python311\Lib\site-packages\fastapi\applications.py", line 1160, in __call__
    await super().__call__(scope, receive, send)
  File "C:\Users\vishn\AppData\Local\Programs\Python\Python311\Lib\site-packages\starlette\applications.py", line 107, in __call__
    await self.middleware_stack(scope, receive, send)
  File "C:\Users\vishn\AppData\Local\Programs\Python\Python311\Lib\site-packages\starlette\middleware\errors.py", line 151, in __call__
    await self.app(scope, receive, send)
  File "C:\Users\vishn\AppData\Local\Programs\Python\Python311\Lib\site-packages\starlette\middleware\cors.py", line 79, in __call__
    await self.app(scope, receive, send)
  File "C:\Users\vishn\AppData\Local\Programs\Python\Python311\Lib\site-packages\starlette\middleware\exceptions.py", line 63, in __call__
    await wrap_app_handling_exceptions(self.app, conn)(scope, receive, send)
  File "C:\Users\vishn\AppData\Local\Programs\Python\Python311\Lib\site-packages\starlette\_exception_handler.py", line 53, in wrapped_app
    raise exc
  File "C:\Users\vishn\AppData\Local\Programs\Python\Python311\Lib\site-packages\starlette\_exception_handler.py", line 42, in wrapped_app
    await app(scope, receive, sender)
  File "C:\Users\vishn\AppData\Local\Programs\Python\Python311\Lib\site-packages\fastapi\middleware\asyncexitstack.py", line 18, in __call__
    await self.app(scope, receive, send)
  File "C:\Users\vishn\AppData\Local\Programs\Python\Python311\Lib\site-packages\starlette\routing.py", line 716, in __call__
    await self.middleware_stack(scope, receive, send)
  File "C:\Users\vishn\AppData\Local\Programs\Python\Python311\Lib\site-packages\starlette\routing.py", line 736, in app
    await route.handle(scope, receive, send)
  File "C:\Users\vishn\AppData\Local\Programs\Python\Python311\Lib\site-packages\starlette\routing.py", line 364, in handle
    await self.app(scope, receive, send)
  File "C:\Users\vishn\AppData\Local\Programs\Python\Python311\Lib\site-packages\fastapi\routing.py", line 156, in app
    await wrap_app_handling_exceptions(app, session)(scope, receive, send)
  File "C:\Users\vishn\AppData\Local\Programs\Python\Python311\Lib\site-packages\starlette\_exception_handler.py", line 53, in wrapped_app
    raise exc
  File "C:\Users\vishn\AppData\Local\Programs\Python\Python311\Lib\site-packages\starlette\_exception_handler.py", line 42, in wrapped_app
    await app(scope, receive, sender)
  File "C:\Users\vishn\AppData\Local\Programs\Python\Python311\Lib\site-packages\fastapi\routing.py", line 153, in app
    await func(session)
  File "C:\Users\vishn\AppData\Local\Programs\Python\Python311\Lib\site-packages\fastapi\routing.py", line 760, in app
    await dependant.call(**solved_result.values)
  File "C:\Users\vishn\Desktop\College\SEMISTER\CSE 6th SEM\Data Science\Project 1\electricity_theft_and_anomaly_detection\api\main.py", line 627, in websocket_live
    await runtime.register_client(websocket)
  File "C:\Users\vishn\Desktop\College\SEMISTER\CSE 6th SEM\Data Science\Project 1\electricity_theft_and_anomaly_detection\api\main.py", line 276, in register_client
    await websocket.send_json(self.snapshot_message())
  File "C:\Users\vishn\AppData\Local\Programs\Python\Python311\Lib\site-packages\starlette\websockets.py", line 174, in send_json
    text = json.dumps(data, separators=(",", ":"), ensure_ascii=False)
           ^^^^^^^^^^^^^^^^^^^^^^^^^^^^^^^^^^^^^^^^^^^^^^^^^^^^^^^^^^^
  File "C:\Users\vishn\AppData\Local\Programs\Python\Python311\Lib\json\__init__.py", line 238, in dumps
    **kw).encode(obj)
          ^^^^^^^^^^^
  File "C:\Users\vishn\AppData\Local\Programs\Python\Python311\Lib\json\encoder.py", line 200, in encode
    chunks = self.iterencode(o, _one_shot=True)
             ^^^^^^^^^^^^^^^^^^^^^^^^^^^^^^^^^^
  File "C:\Users\vishn\AppData\Local\Programs\Python\Python311\Lib\json\encoder.py", line 258, in iterencode
    return _iterencode(o, 0)
           ^^^^^^^^^^^^^^^^^
  File "C:\Users\vishn\AppData\Local\Programs\Python\Python311\Lib\json\encoder.py", line 180, in default
    raise TypeError(f'Object of type {o.__class__.__name__} '
TypeError: Object of type Timestamp is not JSON serializable
INFO:     connection open
INFO:     127.0.0.1:64198 - "WebSocket /ws/live" [accepted]
ERROR:    Exception in ASGI application
Traceback (most recent call last):
  File "C:\Users\vishn\AppData\Local\Programs\Python\Python311\Lib\site-packages\uvicorn\protocols\websockets\websockets_impl.py", line 244, in run_asgi
    result = await self.app(self.scope, self.asgi_receive, self.asgi_send)  # type: ignore[func-returns-value]
             ^^^^^^^^^^^^^^^^^^^^^^^^^^^^^^^^^^^^^^^^^^^^^^^^^^^^^^^^^^^^^
  File "C:\Users\vishn\AppData\Local\Programs\Python\Python311\Lib\site-packages\uvicorn\middleware\proxy_headers.py", line 60, in __call__
    return await self.app(scope, receive, send)
           ^^^^^^^^^^^^^^^^^^^^^^^^^^^^^^^^^^^^
  File "C:\Users\vishn\AppData\Local\Programs\Python\Python311\Lib\site-packages\fastapi\applications.py", line 1160, in __call__
    await super().__call__(scope, receive, send)
  File "C:\Users\vishn\AppData\Local\Programs\Python\Python311\Lib\site-packages\starlette\applications.py", line 107, in __call__
    await self.middleware_stack(scope, receive, send)
  File "C:\Users\vishn\AppData\Local\Programs\Python\Python311\Lib\site-packages\starlette\middleware\errors.py", line 151, in __call__
    await self.app(scope, receive, send)
  File "C:\Users\vishn\AppData\Local\Programs\Python\Python311\Lib\site-packages\starlette\middleware\cors.py", line 79, in __call__
    await self.app(scope, receive, send)
  File "C:\Users\vishn\AppData\Local\Programs\Python\Python311\Lib\site-packages\starlette\middleware\exceptions.py", line 63, in __call__
    await wrap_app_handling_exceptions(self.app, conn)(scope, receive, send)
  File "C:\Users\vishn\AppData\Local\Programs\Python\Python311\Lib\site-packages\starlette\_exception_handler.py", line 53, in wrapped_app
    raise exc
  File "C:\Users\vishn\AppData\Local\Programs\Python\Python311\Lib\site-packages\starlette\_exception_handler.py", line 42, in wrapped_app
    await app(scope, receive, sender)
  File "C:\Users\vishn\AppData\Local\Programs\Python\Python311\Lib\site-packages\fastapi\middleware\asyncexitstack.py", line 18, in __call__
    await self.app(scope, receive, send)
  File "C:\Users\vishn\AppData\Local\Programs\Python\Python311\Lib\site-packages\starlette\routing.py", line 716, in __call__
    await self.middleware_stack(scope, receive, send)
  File "C:\Users\vishn\AppData\Local\Programs\Python\Python311\Lib\site-packages\starlette\routing.py", line 736, in app
    await route.handle(scope, receive, send)
  File "C:\Users\vishn\AppData\Local\Programs\Python\Python311\Lib\site-packages\starlette\routing.py", line 364, in handle
    await self.app(scope, receive, send)
  File "C:\Users\vishn\AppData\Local\Programs\Python\Python311\Lib\site-packages\fastapi\routing.py", line 156, in app
    await wrap_app_handling_exceptions(app, session)(scope, receive, send)
  File "C:\Users\vishn\AppData\Local\Programs\Python\Python311\Lib\site-packages\starlette\_exception_handler.py", line 53, in wrapped_app
    raise exc
  File "C:\Users\vishn\AppData\Local\Programs\Python\Python311\Lib\site-packages\starlette\_exception_handler.py", line 42, in wrapped_app
    await app(scope, receive, sender)
  File "C:\Users\vishn\AppData\Local\Programs\Python\Python311\Lib\site-packages\fastapi\routing.py", line 153, in app
    await func(session)
  File "C:\Users\vishn\AppData\Local\Programs\Python\Python311\Lib\site-packages\fastapi\routing.py", line 760, in app
    await dependant.call(**solved_result.values)
  File "C:\Users\vishn\Desktop\College\SEMISTER\CSE 6th SEM\Data Science\Project 1\electricity_theft_and_anomaly_detection\api\main.py", line 627, in websocket_live
    await runtime.register_client(websocket)
  File "C:\Users\vishn\Desktop\College\SEMISTER\CSE 6th SEM\Data Science\Project 1\electricity_theft_and_anomaly_detection\api\main.py", line 276, in register_client
    await websocket.send_json(self.snapshot_message())
  File "C:\Users\vishn\AppData\Local\Programs\Python\Python311\Lib\site-packages\starlette\websockets.py", line 174, in send_json
    text = json.dumps(data, separators=(",", ":"), ensure_ascii=False)
           ^^^^^^^^^^^^^^^^^^^^^^^^^^^^^^^^^^^^^^^^^^^^^^^^^^^^^^^^^^^
  File "C:\Users\vishn\AppData\Local\Programs\Python\Python311\Lib\json\__init__.py", line 238, in dumps
    **kw).encode(obj)
          ^^^^^^^^^^^
  File "C:\Users\vishn\AppData\Local\Programs\Python\Python311\Lib\json\encoder.py", line 200, in encode
    chunks = self.iterencode(o, _one_shot=True)
             ^^^^^^^^^^^^^^^^^^^^^^^^^^^^^^^^^^
  File "C:\Users\vishn\AppData\Local\Programs\Python\Python311\Lib\json\encoder.py", line 258, in iterencode
    return _iterencode(o, 0)
           ^^^^^^^^^^^^^^^^^
  File "C:\Users\vishn\AppData\Local\Programs\Python\Python311\Lib\json\encoder.py", line 180, in default
    raise TypeError(f'Object of type {o.__class__.__name__} '
TypeError: Object of type Timestamp is not JSON serializable
INFO:     connection closed
INFO:     connection open
INFO:     connection closed
INFO:     127.0.0.1:55219 - "WebSocket /ws/live" [accepted]
ERROR:    Exception in ASGI application
Traceback (most recent call last):
  File "C:\Users\vishn\AppData\Local\Programs\Python\Python311\Lib\site-packages\uvicorn\protocols\websockets\websockets_impl.py", line 244, in run_asgi
    result = await self.app(self.scope, self.asgi_receive, self.asgi_send)  # type: ignore[func-returns-value]
             ^^^^^^^^^^^^^^^^^^^^^^^^^^^^^^^^^^^^^^^^^^^^^^^^^^^^^^^^^^^^^
  File "C:\Users\vishn\AppData\Local\Programs\Python\Python311\Lib\site-packages\uvicorn\middleware\proxy_headers.py", line 60, in __call__
    return await self.app(scope, receive, send)
           ^^^^^^^^^^^^^^^^^^^^^^^^^^^^^^^^^^^^
  File "C:\Users\vishn\AppData\Local\Programs\Python\Python311\Lib\site-packages\fastapi\applications.py", line 1160, in __call__
    await super().__call__(scope, receive, send)
  File "C:\Users\vishn\AppData\Local\Programs\Python\Python311\Lib\site-packages\starlette\applications.py", line 107, in __call__
    await self.middleware_stack(scope, receive, send)
  File "C:\Users\vishn\AppData\Local\Programs\Python\Python311\Lib\site-packages\starlette\middleware\errors.py", line 151, in __call__
    await self.app(scope, receive, send)
  File "C:\Users\vishn\AppData\Local\Programs\Python\Python311\Lib\site-packages\starlette\middleware\cors.py", line 79, in __call__
    await self.app(scope, receive, send)
  File "C:\Users\vishn\AppData\Local\Programs\Python\Python311\Lib\site-packages\starlette\middleware\exceptions.py", line 63, in __call__
    await wrap_app_handling_exceptions(self.app, conn)(scope, receive, send)
  File "C:\Users\vishn\AppData\Local\Programs\Python\Python311\Lib\site-packages\starlette\_exception_handler.py", line 53, in wrapped_app
    raise exc
  File "C:\Users\vishn\AppData\Local\Programs\Python\Python311\Lib\site-packages\starlette\_exception_handler.py", line 42, in wrapped_app
    await app(scope, receive, sender)
  File "C:\Users\vishn\AppData\Local\Programs\Python\Python311\Lib\site-packages\fastapi\middleware\asyncexitstack.py", line 18, in __call__
    await self.app(scope, receive, send)
  File "C:\Users\vishn\AppData\Local\Programs\Python\Python311\Lib\site-packages\starlette\routing.py", line 716, in __call__
    await self.middleware_stack(scope, receive, send)
  File "C:\Users\vishn\AppData\Local\Programs\Python\Python311\Lib\site-packages\starlette\routing.py", line 736, in app
    await route.handle(scope, receive, send)
  File "C:\Users\vishn\AppData\Local\Programs\Python\Python311\Lib\site-packages\starlette\routing.py", line 364, in handle
    await self.app(scope, receive, send)
  File "C:\Users\vishn\AppData\Local\Programs\Python\Python311\Lib\site-packages\fastapi\routing.py", line 156, in app
    await wrap_app_handling_exceptions(app, session)(scope, receive, send)
  File "C:\Users\vishn\AppData\Local\Programs\Python\Python311\Lib\site-packages\starlette\_exception_handler.py", line 53, in wrapped_app
    raise exc
  File "C:\Users\vishn\AppData\Local\Programs\Python\Python311\Lib\site-packages\starlette\_exception_handler.py", line 42, in wrapped_app
    await app(scope, receive, sender)
  File "C:\Users\vishn\AppData\Local\Programs\Python\Python311\Lib\site-packages\fastapi\routing.py", line 153, in app
    await func(session)
  File "C:\Users\vishn\AppData\Local\Programs\Python\Python311\Lib\site-packages\fastapi\routing.py", line 760, in app
    await dependant.call(**solved_result.values)
  File "C:\Users\vishn\Desktop\College\SEMISTER\CSE 6th SEM\Data Science\Project 1\electricity_theft_and_anomaly_detection\api\main.py", line 627, in websocket_live
    await runtime.register_client(websocket)
  File "C:\Users\vishn\Desktop\College\SEMISTER\CSE 6th SEM\Data Science\Project 1\electricity_theft_and_anomaly_detection\api\main.py", line 276, in register_client
    await websocket.send_json(self.snapshot_message())
  File "C:\Users\vishn\AppData\Local\Programs\Python\Python311\Lib\site-packages\starlette\websockets.py", line 174, in send_json
    text = json.dumps(data, separators=(",", ":"), ensure_ascii=False)
           ^^^^^^^^^^^^^^^^^^^^^^^^^^^^^^^^^^^^^^^^^^^^^^^^^^^^^^^^^^^
  File "C:\Users\vishn\AppData\Local\Programs\Python\Python311\Lib\json\__init__.py", line 238, in dumps
    **kw).encode(obj)
          ^^^^^^^^^^^
  File "C:\Users\vishn\AppData\Local\Programs\Python\Python311\Lib\json\encoder.py", line 200, in encode
    chunks = self.iterencode(o, _one_shot=True)
             ^^^^^^^^^^^^^^^^^^^^^^^^^^^^^^^^^^
  File "C:\Users\vishn\AppData\Local\Programs\Python\Python311\Lib\json\encoder.py", line 258, in iterencode
    return _iterencode(o, 0)
           ^^^^^^^^^^^^^^^^^
  File "C:\Users\vishn\AppData\Local\Programs\Python\Python311\Lib\json\encoder.py", line 180, in default
    raise TypeError(f'Object of type {o.__class__.__name__} '
TypeError: Object of type Timestamp is not JSON serializable
INFO:     connection open
INFO:     127.0.0.1:62113 - "WebSocket /ws/live" [accepted]
ERROR:    Exception in ASGI application
Traceback (most recent call last):
  File "C:\Users\vishn\AppData\Local\Programs\Python\Python311\Lib\site-packages\uvicorn\protocols\websockets\websockets_impl.py", line 244, in run_asgi
    result = await self.app(self.scope, self.asgi_receive, self.asgi_send)  # type: ignore[func-returns-value]
             ^^^^^^^^^^^^^^^^^^^^^^^^^^^^^^^^^^^^^^^^^^^^^^^^^^^^^^^^^^^^^
  File "C:\Users\vishn\AppData\Local\Programs\Python\Python311\Lib\site-packages\uvicorn\middleware\proxy_headers.py", line 60, in __call__
    return await self.app(scope, receive, send)
           ^^^^^^^^^^^^^^^^^^^^^^^^^^^^^^^^^^^^
  File "C:\Users\vishn\AppData\Local\Programs\Python\Python311\Lib\site-packages\fastapi\applications.py", line 1160, in __call__
    await super().__call__(scope, receive, send)
  File "C:\Users\vishn\AppData\Local\Programs\Python\Python311\Lib\site-packages\starlette\applications.py", line 107, in __call__
    await self.middleware_stack(scope, receive, send)
  File "C:\Users\vishn\AppData\Local\Programs\Python\Python311\Lib\site-packages\starlette\middleware\errors.py", line 151, in __call__
    await self.app(scope, receive, send)
  File "C:\Users\vishn\AppData\Local\Programs\Python\Python311\Lib\site-packages\starlette\middleware\cors.py", line 79, in __call__
    await self.app(scope, receive, send)
  File "C:\Users\vishn\AppData\Local\Programs\Python\Python311\Lib\site-packages\starlette\middleware\exceptions.py", line 63, in __call__
    await wrap_app_handling_exceptions(self.app, conn)(scope, receive, send)
  File "C:\Users\vishn\AppData\Local\Programs\Python\Python311\Lib\site-packages\starlette\_exception_handler.py", line 53, in wrapped_app
    raise exc
  File "C:\Users\vishn\AppData\Local\Programs\Python\Python311\Lib\site-packages\starlette\_exception_handler.py", line 42, in wrapped_app
    await app(scope, receive, sender)
  File "C:\Users\vishn\AppData\Local\Programs\Python\Python311\Lib\site-packages\fastapi\middleware\asyncexitstack.py", line 18, in __call__
    await self.app(scope, receive, send)
  File "C:\Users\vishn\AppData\Local\Programs\Python\Python311\Lib\site-packages\starlette\routing.py", line 716, in __call__
    await self.middleware_stack(scope, receive, send)
  File "C:\Users\vishn\AppData\Local\Programs\Python\Python311\Lib\site-packages\starlette\routing.py", line 736, in app
    await route.handle(scope, receive, send)
  File "C:\Users\vishn\AppData\Local\Programs\Python\Python311\Lib\site-packages\starlette\routing.py", line 364, in handle
    await self.app(scope, receive, send)
  File "C:\Users\vishn\AppData\Local\Programs\Python\Python311\Lib\site-packages\fastapi\routing.py", line 156, in app
    await wrap_app_handling_exceptions(app, session)(scope, receive, send)
  File "C:\Users\vishn\AppData\Local\Programs\Python\Python311\Lib\site-packages\starlette\_exception_handler.py", line 53, in wrapped_app
    raise exc
  File "C:\Users\vishn\AppData\Local\Programs\Python\Python311\Lib\site-packages\starlette\_exception_handler.py", line 42, in wrapped_app
    await app(scope, receive, sender)
  File "C:\Users\vishn\AppData\Local\Programs\Python\Python311\Lib\site-packages\fastapi\routing.py", line 153, in app
    await func(session)
  File "C:\Users\vishn\AppData\Local\Programs\Python\Python311\Lib\site-packages\fastapi\routing.py", line 760, in app
    await dependant.call(**solved_result.values)
  File "C:\Users\vishn\Desktop\College\SEMISTER\CSE 6th SEM\Data Science\Project 1\electricity_theft_and_anomaly_detection\api\main.py", line 627, in websocket_live
    await runtime.register_client(websocket)
  File "C:\Users\vishn\Desktop\College\SEMISTER\CSE 6th SEM\Data Science\Project 1\electricity_theft_and_anomaly_detection\api\main.py", line 276, in register_client
    await websocket.send_json(self.snapshot_message())
  File "C:\Users\vishn\AppData\Local\Programs\Python\Python311\Lib\site-packages\starlette\websockets.py", line 174, in send_json
    text = json.dumps(data, separators=(",", ":"), ensure_ascii=False)
           ^^^^^^^^^^^^^^^^^^^^^^^^^^^^^^^^^^^^^^^^^^^^^^^^^^^^^^^^^^^
  File "C:\Users\vishn\AppData\Local\Programs\Python\Python311\Lib\json\__init__.py", line 238, in dumps
    **kw).encode(obj)
          ^^^^^^^^^^^
  File "C:\Users\vishn\AppData\Local\Programs\Python\Python311\Lib\json\encoder.py", line 200, in encode
    chunks = self.iterencode(o, _one_shot=True)
             ^^^^^^^^^^^^^^^^^^^^^^^^^^^^^^^^^^
  File "C:\Users\vishn\AppData\Local\Programs\Python\Python311\Lib\json\encoder.py", line 258, in iterencode
    return _iterencode(o, 0)
           ^^^^^^^^^^^^^^^^^
  File "C:\Users\vishn\AppData\Local\Programs\Python\Python311\Lib\json\encoder.py", line 180, in default
    raise TypeError(f'Object of type {o.__class__.__name__} '
TypeError: Object of type Timestamp is not JSON serializable
INFO:     connection closed
INFO:     connection open
INFO:     connection closed
INFO:     127.0.0.1:59958 - "WebSocket /ws/live" [accepted]
ERROR:    Exception in ASGI application
Traceback (most recent call last):
  File "C:\Users\vishn\AppData\Local\Programs\Python\Python311\Lib\site-packages\uvicorn\protocols\websockets\websockets_impl.py", line 244, in run_asgi
    result = await self.app(self.scope, self.asgi_receive, self.asgi_send)  # type: ignore[func-returns-value]
             ^^^^^^^^^^^^^^^^^^^^^^^^^^^^^^^^^^^^^^^^^^^^^^^^^^^^^^^^^^^^^
  File "C:\Users\vishn\AppData\Local\Programs\Python\Python311\Lib\site-packages\uvicorn\middleware\proxy_headers.py", line 60, in __call__
    return await self.app(scope, receive, send)
           ^^^^^^^^^^^^^^^^^^^^^^^^^^^^^^^^^^^^
  File "C:\Users\vishn\AppData\Local\Programs\Python\Python311\Lib\site-packages\fastapi\applications.py", line 1160, in __call__
    await super().__call__(scope, receive, send)
  File "C:\Users\vishn\AppData\Local\Programs\Python\Python311\Lib\site-packages\starlette\applications.py", line 107, in __call__
    await self.middleware_stack(scope, receive, send)
  File "C:\Users\vishn\AppData\Local\Programs\Python\Python311\Lib\site-packages\starlette\middleware\errors.py", line 151, in __call__
    await self.app(scope, receive, send)
  File "C:\Users\vishn\AppData\Local\Programs\Python\Python311\Lib\site-packages\starlette\middleware\cors.py", line 79, in __call__
    await self.app(scope, receive, send)
  File "C:\Users\vishn\AppData\Local\Programs\Python\Python311\Lib\site-packages\starlette\middleware\exceptions.py", line 63, in __call__
    await wrap_app_handling_exceptions(self.app, conn)(scope, receive, send)
  File "C:\Users\vishn\AppData\Local\Programs\Python\Python311\Lib\site-packages\starlette\_exception_handler.py", line 53, in wrapped_app
    raise exc
  File "C:\Users\vishn\AppData\Local\Programs\Python\Python311\Lib\site-packages\starlette\_exception_handler.py", line 42, in wrapped_app
    await app(scope, receive, sender)
  File "C:\Users\vishn\AppData\Local\Programs\Python\Python311\Lib\site-packages\fastapi\middleware\asyncexitstack.py", line 18, in __call__
    await self.app(scope, receive, send)
  File "C:\Users\vishn\AppData\Local\Programs\Python\Python311\Lib\site-packages\starlette\routing.py", line 716, in __call__
    await self.middleware_stack(scope, receive, send)
  File "C:\Users\vishn\AppData\Local\Programs\Python\Python311\Lib\site-packages\starlette\routing.py", line 736, in app
    await route.handle(scope, receive, send)
  File "C:\Users\vishn\AppData\Local\Programs\Python\Python311\Lib\site-packages\starlette\routing.py", line 364, in handle
    await self.app(scope, receive, send)
  File "C:\Users\vishn\AppData\Local\Programs\Python\Python311\Lib\site-packages\fastapi\routing.py", line 156, in app
    await wrap_app_handling_exceptions(app, session)(scope, receive, send)
  File "C:\Users\vishn\AppData\Local\Programs\Python\Python311\Lib\site-packages\starlette\_exception_handler.py", line 53, in wrapped_app
    raise exc
  File "C:\Users\vishn\AppData\Local\Programs\Python\Python311\Lib\site-packages\starlette\_exception_handler.py", line 42, in wrapped_app
    await app(scope, receive, sender)
  File "C:\Users\vishn\AppData\Local\Programs\Python\Python311\Lib\site-packages\fastapi\routing.py", line 153, in app
    await func(session)
  File "C:\Users\vishn\AppData\Local\Programs\Python\Python311\Lib\site-packages\fastapi\routing.py", line 760, in app
    await dependant.call(**solved_result.values)
  File "C:\Users\vishn\Desktop\College\SEMISTER\CSE 6th SEM\Data Science\Project 1\electricity_theft_and_anomaly_detection\api\main.py", line 627, in websocket_live
    await runtime.register_client(websocket)
  File "C:\Users\vishn\Desktop\College\SEMISTER\CSE 6th SEM\Data Science\Project 1\electricity_theft_and_anomaly_detection\api\main.py", line 276, in register_client
    await websocket.send_json(self.snapshot_message())
  File "C:\Users\vishn\AppData\Local\Programs\Python\Python311\Lib\site-packages\starlette\websockets.py", line 174, in send_json
    text = json.dumps(data, separators=(",", ":"), ensure_ascii=False)
           ^^^^^^^^^^^^^^^^^^^^^^^^^^^^^^^^^^^^^^^^^^^^^^^^^^^^^^^^^^^
  File "C:\Users\vishn\AppData\Local\Programs\Python\Python311\Lib\json\__init__.py", line 238, in dumps
    **kw).encode(obj)
          ^^^^^^^^^^^
  File "C:\Users\vishn\AppData\Local\Programs\Python\Python311\Lib\json\encoder.py", line 200, in encode
    chunks = self.iterencode(o, _one_shot=True)
             ^^^^^^^^^^^^^^^^^^^^^^^^^^^^^^^^^^
  File "C:\Users\vishn\AppData\Local\Programs\Python\Python311\Lib\json\encoder.py", line 258, in iterencode
    return _iterencode(o, 0)
           ^^^^^^^^^^^^^^^^^
  File "C:\Users\vishn\AppData\Local\Programs\Python\Python311\Lib\json\encoder.py", line 180, in default
    raise TypeError(f'Object of type {o.__class__.__name__} '
TypeError: Object of type Timestamp is not JSON serializable
INFO:     connection open
INFO:     connection closed
INFO:     127.0.0.1:54040 - "WebSocket /ws/live" [accepted]
ERROR:    Exception in ASGI application
Traceback (most recent call last):
  File "C:\Users\vishn\AppData\Local\Programs\Python\Python311\Lib\site-packages\uvicorn\protocols\websockets\websockets_impl.py", line 244, in run_asgi
    result = await self.app(self.scope, self.asgi_receive, self.asgi_send)  # type: ignore[func-returns-value]
             ^^^^^^^^^^^^^^^^^^^^^^^^^^^^^^^^^^^^^^^^^^^^^^^^^^^^^^^^^^^^^
  File "C:\Users\vishn\AppData\Local\Programs\Python\Python311\Lib\site-packages\uvicorn\middleware\proxy_headers.py", line 60, in __call__
    return await self.app(scope, receive, send)
           ^^^^^^^^^^^^^^^^^^^^^^^^^^^^^^^^^^^^
  File "C:\Users\vishn\AppData\Local\Programs\Python\Python311\Lib\site-packages\fastapi\applications.py", line 1160, in __call__
    await super().__call__(scope, receive, send)
  File "C:\Users\vishn\AppData\Local\Programs\Python\Python311\Lib\site-packages\starlette\applications.py", line 107, in __call__
    await self.middleware_stack(scope, receive, send)
  File "C:\Users\vishn\AppData\Local\Programs\Python\Python311\Lib\site-packages\starlette\middleware\errors.py", line 151, in __call__
    await self.app(scope, receive, send)
  File "C:\Users\vishn\AppData\Local\Programs\Python\Python311\Lib\site-packages\starlette\middleware\cors.py", line 79, in __call__
    await self.app(scope, receive, send)
  File "C:\Users\vishn\AppData\Local\Programs\Python\Python311\Lib\site-packages\starlette\middleware\exceptions.py", line 63, in __call__
    await wrap_app_handling_exceptions(self.app, conn)(scope, receive, send)
  File "C:\Users\vishn\AppData\Local\Programs\Python\Python311\Lib\site-packages\starlette\_exception_handler.py", line 53, in wrapped_app
    raise exc
  File "C:\Users\vishn\AppData\Local\Programs\Python\Python311\Lib\site-packages\starlette\_exception_handler.py", line 42, in wrapped_app
    await app(scope, receive, sender)
  File "C:\Users\vishn\AppData\Local\Programs\Python\Python311\Lib\site-packages\fastapi\middleware\asyncexitstack.py", line 18, in __call__
    await self.app(scope, receive, send)
  File "C:\Users\vishn\AppData\Local\Programs\Python\Python311\Lib\site-packages\starlette\routing.py", line 716, in __call__
    await self.middleware_stack(scope, receive, send)
  File "C:\Users\vishn\AppData\Local\Programs\Python\Python311\Lib\site-packages\starlette\routing.py", line 736, in app
    await route.handle(scope, receive, send)
  File "C:\Users\vishn\AppData\Local\Programs\Python\Python311\Lib\site-packages\starlette\routing.py", line 364, in handle
    await self.app(scope, receive, send)
  File "C:\Users\vishn\AppData\Local\Programs\Python\Python311\Lib\site-packages\fastapi\routing.py", line 156, in app
    await wrap_app_handling_exceptions(app, session)(scope, receive, send)
  File "C:\Users\vishn\AppData\Local\Programs\Python\Python311\Lib\site-packages\starlette\_exception_handler.py", line 53, in wrapped_app
    raise exc
  File "C:\Users\vishn\AppData\Local\Programs\Python\Python311\Lib\site-packages\starlette\_exception_handler.py", line 42, in wrapped_app
    await app(scope, receive, sender)
  File "C:\Users\vishn\AppData\Local\Programs\Python\Python311\Lib\site-packages\fastapi\routing.py", line 153, in app
    await func(session)
  File "C:\Users\vishn\AppData\Local\Programs\Python\Python311\Lib\site-packages\fastapi\routing.py", line 760, in app
    await dependant.call(**solved_result.values)
  File "C:\Users\vishn\Desktop\College\SEMISTER\CSE 6th SEM\Data Science\Project 1\electricity_theft_and_anomaly_detection\api\main.py", line 627, in websocket_live
    await runtime.register_client(websocket)
  File "C:\Users\vishn\Desktop\College\SEMISTER\CSE 6th SEM\Data Science\Project 1\electricity_theft_and_anomaly_detection\api\main.py", line 276, in register_client
    await websocket.send_json(self.snapshot_message())
  File "C:\Users\vishn\AppData\Local\Programs\Python\Python311\Lib\site-packages\starlette\websockets.py", line 174, in send_json
    text = json.dumps(data, separators=(",", ":"), ensure_ascii=False)
           ^^^^^^^^^^^^^^^^^^^^^^^^^^^^^^^^^^^^^^^^^^^^^^^^^^^^^^^^^^^
  File "C:\Users\vishn\AppData\Local\Programs\Python\Python311\Lib\json\__init__.py", line 238, in dumps
    **kw).encode(obj)
          ^^^^^^^^^^^
  File "C:\Users\vishn\AppData\Local\Programs\Python\Python311\Lib\json\encoder.py", line 200, in encode
    chunks = self.iterencode(o, _one_shot=True)
             ^^^^^^^^^^^^^^^^^^^^^^^^^^^^^^^^^^
  File "C:\Users\vishn\AppData\Local\Programs\Python\Python311\Lib\json\encoder.py", line 258, in iterencode
    return _iterencode(o, 0)
           ^^^^^^^^^^^^^^^^^
  File "C:\Users\vishn\AppData\Local\Programs\Python\Python311\Lib\json\encoder.py", line 180, in default
    raise TypeError(f'Object of type {o.__class__.__name__} '
TypeError: Object of type Timestamp is not JSON serializable
INFO:     connection open
INFO:     127.0.0.1:59467 - "WebSocket /ws/live" [accepted]
ERROR:    Exception in ASGI application
Traceback (most recent call last):
  File "C:\Users\vishn\AppData\Local\Programs\Python\Python311\Lib\site-packages\uvicorn\protocols\websockets\websockets_impl.py", line 244, in run_asgi
    result = await self.app(self.scope, self.asgi_receive, self.asgi_send)  # type: ignore[func-returns-value]
             ^^^^^^^^^^^^^^^^^^^^^^^^^^^^^^^^^^^^^^^^^^^^^^^^^^^^^^^^^^^^^
  File "C:\Users\vishn\AppData\Local\Programs\Python\Python311\Lib\site-packages\uvicorn\middleware\proxy_headers.py", line 60, in __call__
    return await self.app(scope, receive, send)
           ^^^^^^^^^^^^^^^^^^^^^^^^^^^^^^^^^^^^
  File "C:\Users\vishn\AppData\Local\Programs\Python\Python311\Lib\site-packages\fastapi\applications.py", line 1160, in __call__
    await super().__call__(scope, receive, send)
  File "C:\Users\vishn\AppData\Local\Programs\Python\Python311\Lib\site-packages\starlette\applications.py", line 107, in __call__
    await self.middleware_stack(scope, receive, send)
  File "C:\Users\vishn\AppData\Local\Programs\Python\Python311\Lib\site-packages\starlette\middleware\errors.py", line 151, in __call__
    await self.app(scope, receive, send)
  File "C:\Users\vishn\AppData\Local\Programs\Python\Python311\Lib\site-packages\starlette\middleware\cors.py", line 79, in __call__
    await self.app(scope, receive, send)
  File "C:\Users\vishn\AppData\Local\Programs\Python\Python311\Lib\site-packages\starlette\middleware\exceptions.py", line 63, in __call__
    await wrap_app_handling_exceptions(self.app, conn)(scope, receive, send)
  File "C:\Users\vishn\AppData\Local\Programs\Python\Python311\Lib\site-packages\starlette\_exception_handler.py", line 53, in wrapped_app
    raise exc
  File "C:\Users\vishn\AppData\Local\Programs\Python\Python311\Lib\site-packages\starlette\_exception_handler.py", line 42, in wrapped_app
    await app(scope, receive, sender)
  File "C:\Users\vishn\AppData\Local\Programs\Python\Python311\Lib\site-packages\fastapi\middleware\asyncexitstack.py", line 18, in __call__
    await self.app(scope, receive, send)
  File "C:\Users\vishn\AppData\Local\Programs\Python\Python311\Lib\site-packages\starlette\routing.py", line 716, in __call__
    await self.middleware_stack(scope, receive, send)
  File "C:\Users\vishn\AppData\Local\Programs\Python\Python311\Lib\site-packages\starlette\routing.py", line 736, in app
    await route.handle(scope, receive, send)
  File "C:\Users\vishn\AppData\Local\Programs\Python\Python311\Lib\site-packages\starlette\routing.py", line 364, in handle
    await self.app(scope, receive, send)
  File "C:\Users\vishn\AppData\Local\Programs\Python\Python311\Lib\site-packages\fastapi\routing.py", line 156, in app
    await wrap_app_handling_exceptions(app, session)(scope, receive, send)
  File "C:\Users\vishn\AppData\Local\Programs\Python\Python311\Lib\site-packages\starlette\_exception_handler.py", line 53, in wrapped_app
    raise exc
  File "C:\Users\vishn\AppData\Local\Programs\Python\Python311\Lib\site-packages\starlette\_exception_handler.py", line 42, in wrapped_app
    await app(scope, receive, sender)
  File "C:\Users\vishn\AppData\Local\Programs\Python\Python311\Lib\site-packages\fastapi\routing.py", line 153, in app
    await func(session)
  File "C:\Users\vishn\AppData\Local\Programs\Python\Python311\Lib\site-packages\fastapi\routing.py", line 760, in app
    await dependant.call(**solved_result.values)
  File "C:\Users\vishn\Desktop\College\SEMISTER\CSE 6th SEM\Data Science\Project 1\electricity_theft_and_anomaly_detection\api\main.py", line 627, in websocket_live
    await runtime.register_client(websocket)
  File "C:\Users\vishn\Desktop\College\SEMISTER\CSE 6th SEM\Data Science\Project 1\electricity_theft_and_anomaly_detection\api\main.py", line 276, in register_client
    await websocket.send_json(self.snapshot_message())
  File "C:\Users\vishn\AppData\Local\Programs\Python\Python311\Lib\site-packages\starlette\websockets.py", line 174, in send_json
    text = json.dumps(data, separators=(",", ":"), ensure_ascii=False)
           ^^^^^^^^^^^^^^^^^^^^^^^^^^^^^^^^^^^^^^^^^^^^^^^^^^^^^^^^^^^
  File "C:\Users\vishn\AppData\Local\Programs\Python\Python311\Lib\json\__init__.py", line 238, in dumps
    **kw).encode(obj)
          ^^^^^^^^^^^
  File "C:\Users\vishn\AppData\Local\Programs\Python\Python311\Lib\json\encoder.py", line 200, in encode
    chunks = self.iterencode(o, _one_shot=True)
             ^^^^^^^^^^^^^^^^^^^^^^^^^^^^^^^^^^
  File "C:\Users\vishn\AppData\Local\Programs\Python\Python311\Lib\json\encoder.py", line 258, in iterencode
    return _iterencode(o, 0)
           ^^^^^^^^^^^^^^^^^
  File "C:\Users\vishn\AppData\Local\Programs\Python\Python311\Lib\json\encoder.py", line 180, in default
    raise TypeError(f'Object of type {o.__class__.__name__} '
TypeError: Object of type Timestamp is not JSON serializable
INFO:     connection closed
INFO:     connection open
INFO:     connection closed
INFO:     127.0.0.1:62421 - "WebSocket /ws/live" [accepted]
ERROR:    Exception in ASGI application
Traceback (most recent call last):
  File "C:\Users\vishn\AppData\Local\Programs\Python\Python311\Lib\site-packages\uvicorn\protocols\websockets\websockets_impl.py", line 244, in run_asgi
    result = await self.app(self.scope, self.asgi_receive, self.asgi_send)  # type: ignore[func-returns-value]
             ^^^^^^^^^^^^^^^^^^^^^^^^^^^^^^^^^^^^^^^^^^^^^^^^^^^^^^^^^^^^^
  File "C:\Users\vishn\AppData\Local\Programs\Python\Python311\Lib\site-packages\uvicorn\middleware\proxy_headers.py", line 60, in __call__
    return await self.app(scope, receive, send)
           ^^^^^^^^^^^^^^^^^^^^^^^^^^^^^^^^^^^^
  File "C:\Users\vishn\AppData\Local\Programs\Python\Python311\Lib\site-packages\fastapi\applications.py", line 1160, in __call__
    await super().__call__(scope, receive, send)
  File "C:\Users\vishn\AppData\Local\Programs\Python\Python311\Lib\site-packages\starlette\applications.py", line 107, in __call__
    await self.middleware_stack(scope, receive, send)
  File "C:\Users\vishn\AppData\Local\Programs\Python\Python311\Lib\site-packages\starlette\middleware\errors.py", line 151, in __call__
    await self.app(scope, receive, send)
  File "C:\Users\vishn\AppData\Local\Programs\Python\Python311\Lib\site-packages\starlette\middleware\cors.py", line 79, in __call__
    await self.app(scope, receive, send)
  File "C:\Users\vishn\AppData\Local\Programs\Python\Python311\Lib\site-packages\starlette\middleware\exceptions.py", line 63, in __call__
    await wrap_app_handling_exceptions(self.app, conn)(scope, receive, send)
  File "C:\Users\vishn\AppData\Local\Programs\Python\Python311\Lib\site-packages\starlette\_exception_handler.py", line 53, in wrapped_app
    raise exc
  File "C:\Users\vishn\AppData\Local\Programs\Python\Python311\Lib\site-packages\starlette\_exception_handler.py", line 42, in wrapped_app
    await app(scope, receive, sender)
  File "C:\Users\vishn\AppData\Local\Programs\Python\Python311\Lib\site-packages\fastapi\middleware\asyncexitstack.py", line 18, in __call__
    await self.app(scope, receive, send)
  File "C:\Users\vishn\AppData\Local\Programs\Python\Python311\Lib\site-packages\starlette\routing.py", line 716, in __call__
    await self.middleware_stack(scope, receive, send)
  File "C:\Users\vishn\AppData\Local\Programs\Python\Python311\Lib\site-packages\starlette\routing.py", line 736, in app
    await route.handle(scope, receive, send)
  File "C:\Users\vishn\AppData\Local\Programs\Python\Python311\Lib\site-packages\starlette\routing.py", line 364, in handle
    await self.app(scope, receive, send)
  File "C:\Users\vishn\AppData\Local\Programs\Python\Python311\Lib\site-packages\fastapi\routing.py", line 156, in app
    await wrap_app_handling_exceptions(app, session)(scope, receive, send)
  File "C:\Users\vishn\AppData\Local\Programs\Python\Python311\Lib\site-packages\starlette\_exception_handler.py", line 53, in wrapped_app
    raise exc
  File "C:\Users\vishn\AppData\Local\Programs\Python\Python311\Lib\site-packages\starlette\_exception_handler.py", line 42, in wrapped_app
    await app(scope, receive, sender)
  File "C:\Users\vishn\AppData\Local\Programs\Python\Python311\Lib\site-packages\fastapi\routing.py", line 153, in app
    await func(session)
  File "C:\Users\vishn\AppData\Local\Programs\Python\Python311\Lib\site-packages\fastapi\routing.py", line 760, in app
    await dependant.call(**solved_result.values)
  File "C:\Users\vishn\Desktop\College\SEMISTER\CSE 6th SEM\Data Science\Project 1\electricity_theft_and_anomaly_detection\api\main.py", line 627, in websocket_live
    await runtime.register_client(websocket)
  File "C:\Users\vishn\Desktop\College\SEMISTER\CSE 6th SEM\Data Science\Project 1\electricity_theft_and_anomaly_detection\api\main.py", line 276, in register_client
    await websocket.send_json(self.snapshot_message())
  File "C:\Users\vishn\AppData\Local\Programs\Python\Python311\Lib\site-packages\starlette\websockets.py", line 174, in send_json
    text = json.dumps(data, separators=(",", ":"), ensure_ascii=False)
           ^^^^^^^^^^^^^^^^^^^^^^^^^^^^^^^^^^^^^^^^^^^^^^^^^^^^^^^^^^^
  File "C:\Users\vishn\AppData\Local\Programs\Python\Python311\Lib\json\__init__.py", line 238, in dumps
    **kw).encode(obj)
          ^^^^^^^^^^^
  File "C:\Users\vishn\AppData\Local\Programs\Python\Python311\Lib\json\encoder.py", line 200, in encode
    chunks = self.iterencode(o, _one_shot=True)
             ^^^^^^^^^^^^^^^^^^^^^^^^^^^^^^^^^^
  File "C:\Users\vishn\AppData\Local\Programs\Python\Python311\Lib\json\encoder.py", line 258, in iterencode
    return _iterencode(o, 0)
           ^^^^^^^^^^^^^^^^^
  File "C:\Users\vishn\AppData\Local\Programs\Python\Python311\Lib\json\encoder.py", line 180, in default
    raise TypeError(f'Object of type {o.__class__.__name__} '
TypeError: Object of type Timestamp is not JSON serializable
INFO:     connection open
INFO:     connection closed
INFO:     127.0.0.1:50895 - "WebSocket /ws/live" [accepted]
ERROR:    Exception in ASGI application
Traceback (most recent call last):
  File "C:\Users\vishn\AppData\Local\Programs\Python\Python311\Lib\site-packages\uvicorn\protocols\websockets\websockets_impl.py", line 244, in run_asgi
    result = await self.app(self.scope, self.asgi_receive, self.asgi_send)  # type: ignore[func-returns-value]
             ^^^^^^^^^^^^^^^^^^^^^^^^^^^^^^^^^^^^^^^^^^^^^^^^^^^^^^^^^^^^^
  File "C:\Users\vishn\AppData\Local\Programs\Python\Python311\Lib\site-packages\uvicorn\middleware\proxy_headers.py", line 60, in __call__
    return await self.app(scope, receive, send)
           ^^^^^^^^^^^^^^^^^^^^^^^^^^^^^^^^^^^^
  File "C:\Users\vishn\AppData\Local\Programs\Python\Python311\Lib\site-packages\fastapi\applications.py", line 1160, in __call__
    await super().__call__(scope, receive, send)
  File "C:\Users\vishn\AppData\Local\Programs\Python\Python311\Lib\site-packages\starlette\applications.py", line 107, in __call__
    await self.middleware_stack(scope, receive, send)
  File "C:\Users\vishn\AppData\Local\Programs\Python\Python311\Lib\site-packages\starlette\middleware\errors.py", line 151, in __call__
    await self.app(scope, receive, send)
  File "C:\Users\vishn\AppData\Local\Programs\Python\Python311\Lib\site-packages\starlette\middleware\cors.py", line 79, in __call__
    await self.app(scope, receive, send)
  File "C:\Users\vishn\AppData\Local\Programs\Python\Python311\Lib\site-packages\starlette\middleware\exceptions.py", line 63, in __call__
    await wrap_app_handling_exceptions(self.app, conn)(scope, receive, send)
  File "C:\Users\vishn\AppData\Local\Programs\Python\Python311\Lib\site-packages\starlette\_exception_handler.py", line 53, in wrapped_app
    raise exc
  File "C:\Users\vishn\AppData\Local\Programs\Python\Python311\Lib\site-packages\starlette\_exception_handler.py", line 42, in wrapped_app
    await app(scope, receive, sender)
  File "C:\Users\vishn\AppData\Local\Programs\Python\Python311\Lib\site-packages\fastapi\middleware\asyncexitstack.py", line 18, in __call__
    await self.app(scope, receive, send)
  File "C:\Users\vishn\AppData\Local\Programs\Python\Python311\Lib\site-packages\starlette\routing.py", line 716, in __call__
    await self.middleware_stack(scope, receive, send)
  File "C:\Users\vishn\AppData\Local\Programs\Python\Python311\Lib\site-packages\starlette\routing.py", line 736, in app
    await route.handle(scope, receive, send)
  File "C:\Users\vishn\AppData\Local\Programs\Python\Python311\Lib\site-packages\starlette\routing.py", line 364, in handle
    await self.app(scope, receive, send)
  File "C:\Users\vishn\AppData\Local\Programs\Python\Python311\Lib\site-packages\fastapi\routing.py", line 156, in app
    await wrap_app_handling_exceptions(app, session)(scope, receive, send)
  File "C:\Users\vishn\AppData\Local\Programs\Python\Python311\Lib\site-packages\starlette\_exception_handler.py", line 53, in wrapped_app
    raise exc
  File "C:\Users\vishn\AppData\Local\Programs\Python\Python311\Lib\site-packages\starlette\_exception_handler.py", line 42, in wrapped_app
    await app(scope, receive, sender)
  File "C:\Users\vishn\AppData\Local\Programs\Python\Python311\Lib\site-packages\fastapi\routing.py", line 153, in app
    await func(session)
  File "C:\Users\vishn\AppData\Local\Programs\Python\Python311\Lib\site-packages\fastapi\routing.py", line 760, in app
    await dependant.call(**solved_result.values)
  File "C:\Users\vishn\Desktop\College\SEMISTER\CSE 6th SEM\Data Science\Project 1\electricity_theft_and_anomaly_detection\api\main.py", line 627, in websocket_live
    await runtime.register_client(websocket)
  File "C:\Users\vishn\Desktop\College\SEMISTER\CSE 6th SEM\Data Science\Project 1\electricity_theft_and_anomaly_detection\api\main.py", line 276, in register_client
    await websocket.send_json(self.snapshot_message())
  File "C:\Users\vishn\AppData\Local\Programs\Python\Python311\Lib\site-packages\starlette\websockets.py", line 174, in send_json
    text = json.dumps(data, separators=(",", ":"), ensure_ascii=False)
           ^^^^^^^^^^^^^^^^^^^^^^^^^^^^^^^^^^^^^^^^^^^^^^^^^^^^^^^^^^^
  File "C:\Users\vishn\AppData\Local\Programs\Python\Python311\Lib\json\__init__.py", line 238, in dumps
    **kw).encode(obj)
          ^^^^^^^^^^^
  File "C:\Users\vishn\AppData\Local\Programs\Python\Python311\Lib\json\encoder.py", line 200, in encode
    chunks = self.iterencode(o, _one_shot=True)
             ^^^^^^^^^^^^^^^^^^^^^^^^^^^^^^^^^^
  File "C:\Users\vishn\AppData\Local\Programs\Python\Python311\Lib\json\encoder.py", line 258, in iterencode
    return _iterencode(o, 0)
           ^^^^^^^^^^^^^^^^^
  File "C:\Users\vishn\AppData\Local\Programs\Python\Python311\Lib\json\encoder.py", line 180, in default
    raise TypeError(f'Object of type {o.__class__.__name__} '
TypeError: Object of type Timestamp is not JSON serializable
INFO:     connection closed
INFO:     127.0.0.1:53510 - "WebSocket /ws/live" [accepted]
ERROR:    Exception in ASGI application
Traceback (most recent call last):
  File "C:\Users\vishn\AppData\Local\Programs\Python\Python311\Lib\site-packages\uvicorn\protocols\websockets\websockets_impl.py", line 244, in run_asgi
    result = await self.app(self.scope, self.asgi_receive, self.asgi_send)  # type: ignore[func-returns-value]
             ^^^^^^^^^^^^^^^^^^^^^^^^^^^^^^^^^^^^^^^^^^^^^^^^^^^^^^^^^^^^^
  File "C:\Users\vishn\AppData\Local\Programs\Python\Python311\Lib\site-packages\uvicorn\middleware\proxy_headers.py", line 60, in __call__
    return await self.app(scope, receive, send)
           ^^^^^^^^^^^^^^^^^^^^^^^^^^^^^^^^^^^^
  File "C:\Users\vishn\AppData\Local\Programs\Python\Python311\Lib\site-packages\fastapi\applications.py", line 1160, in __call__
    await super().__call__(scope, receive, send)
  File "C:\Users\vishn\AppData\Local\Programs\Python\Python311\Lib\site-packages\starlette\applications.py", line 107, in __call__
    await self.middleware_stack(scope, receive, send)
  File "C:\Users\vishn\AppData\Local\Programs\Python\Python311\Lib\site-packages\starlette\middleware\errors.py", line 151, in __call__
    await self.app(scope, receive, send)
  File "C:\Users\vishn\AppData\Local\Programs\Python\Python311\Lib\site-packages\starlette\middleware\cors.py", line 79, in __call__
    await self.app(scope, receive, send)
  File "C:\Users\vishn\AppData\Local\Programs\Python\Python311\Lib\site-packages\starlette\middleware\exceptions.py", line 63, in __call__
    await wrap_app_handling_exceptions(self.app, conn)(scope, receive, send)
  File "C:\Users\vishn\AppData\Local\Programs\Python\Python311\Lib\site-packages\starlette\_exception_handler.py", line 53, in wrapped_app
    raise exc
  File "C:\Users\vishn\AppData\Local\Programs\Python\Python311\Lib\site-packages\starlette\_exception_handler.py", line 42, in wrapped_app
    await app(scope, receive, sender)
  File "C:\Users\vishn\AppData\Local\Programs\Python\Python311\Lib\site-packages\fastapi\middleware\asyncexitstack.py", line 18, in __call__
    await self.app(scope, receive, send)
  File "C:\Users\vishn\AppData\Local\Programs\Python\Python311\Lib\site-packages\starlette\routing.py", line 716, in __call__
    await self.middleware_stack(scope, receive, send)
  File "C:\Users\vishn\AppData\Local\Programs\Python\Python311\Lib\site-packages\starlette\routing.py", line 736, in app
    await route.handle(scope, receive, send)
  File "C:\Users\vishn\AppData\Local\Programs\Python\Python311\Lib\site-packages\starlette\routing.py", line 364, in handle
    await self.app(scope, receive, send)
  File "C:\Users\vishn\AppData\Local\Programs\Python\Python311\Lib\site-packages\fastapi\routing.py", line 156, in app
    await wrap_app_handling_exceptions(app, session)(scope, receive, send)
  File "C:\Users\vishn\AppData\Local\Programs\Python\Python311\Lib\site-packages\starlette\_exception_handler.py", line 53, in wrapped_app
    raise exc
  File "C:\Users\vishn\AppData\Local\Programs\Python\Python311\Lib\site-packages\starlette\_exception_handler.py", line 42, in wrapped_app
    await app(scope, receive, sender)
  File "C:\Users\vishn\AppData\Local\Programs\Python\Python311\Lib\site-packages\fastapi\routing.py", line 153, in app
    await func(session)
  File "C:\Users\vishn\AppData\Local\Programs\Python\Python311\Lib\site-packages\fastapi\routing.py", line 760, in app
    await dependant.call(**solved_result.values)
  File "C:\Users\vishn\Desktop\College\SEMISTER\CSE 6th SEM\Data Science\Project 1\electricity_theft_and_anomaly_detection\api\main.py", line 627, in websocket_live
    await runtime.register_client(websocket)
  File "C:\Users\vishn\Desktop\College\SEMISTER\CSE 6th SEM\Data Science\Project 1\electricity_theft_and_anomaly_detection\api\main.py", line 276, in register_client
    await websocket.send_json(self.snapshot_message())
  File "C:\Users\vishn\AppData\Local\Programs\Python\Python311\Lib\site-packages\starlette\websockets.py", line 174, in send_json
    text = json.dumps(data, separators=(",", ":"), ensure_ascii=False)
           ^^^^^^^^^^^^^^^^^^^^^^^^^^^^^^^^^^^^^^^^^^^^^^^^^^^^^^^^^^^
  File "C:\Users\vishn\AppData\Local\Programs\Python\Python311\Lib\json\__init__.py", line 238, in dumps
    **kw).encode(obj)
          ^^^^^^^^^^^
  File "C:\Users\vishn\AppData\Local\Programs\Python\Python311\Lib\json\encoder.py", line 200, in encode
    chunks = self.iterencode(o, _one_shot=True)
             ^^^^^^^^^^^^^^^^^^^^^^^^^^^^^^^^^^
  File "C:\Users\vishn\AppData\Local\Programs\Python\Python311\Lib\json\encoder.py", line 258, in iterencode
    return _iterencode(o, 0)
           ^^^^^^^^^^^^^^^^^
  File "C:\Users\vishn\AppData\Local\Programs\Python\Python311\Lib\json\encoder.py", line 180, in default
    raise TypeError(f'Object of type {o.__class__.__name__} '
TypeError: Object of type Timestamp is not JSON serializable
INFO:     connection open
INFO:     connection closed
INFO:     127.0.0.1:64903 - "WebSocket /ws/live" [accepted]
ERROR:    Exception in ASGI application
Traceback (most recent call last):
  File "C:\Users\vishn\AppData\Local\Programs\Python\Python311\Lib\site-packages\uvicorn\protocols\websockets\websockets_impl.py", line 244, in run_asgi
    result = await self.app(self.scope, self.asgi_receive, self.asgi_send)  # type: ignore[func-returns-value]
             ^^^^^^^^^^^^^^^^^^^^^^^^^^^^^^^^^^^^^^^^^^^^^^^^^^^^^^^^^^^^^
  File "C:\Users\vishn\AppData\Local\Programs\Python\Python311\Lib\site-packages\uvicorn\middleware\proxy_headers.py", line 60, in __call__
    return await self.app(scope, receive, send)
           ^^^^^^^^^^^^^^^^^^^^^^^^^^^^^^^^^^^^
  File "C:\Users\vishn\AppData\Local\Programs\Python\Python311\Lib\site-packages\fastapi\applications.py", line 1160, in __call__
    await super().__call__(scope, receive, send)
  File "C:\Users\vishn\AppData\Local\Programs\Python\Python311\Lib\site-packages\starlette\applications.py", line 107, in __call__
    await self.middleware_stack(scope, receive, send)
  File "C:\Users\vishn\AppData\Local\Programs\Python\Python311\Lib\site-packages\starlette\middleware\errors.py", line 151, in __call__
    await self.app(scope, receive, send)
  File "C:\Users\vishn\AppData\Local\Programs\Python\Python311\Lib\site-packages\starlette\middleware\cors.py", line 79, in __call__
    await self.app(scope, receive, send)
  File "C:\Users\vishn\AppData\Local\Programs\Python\Python311\Lib\site-packages\starlette\middleware\exceptions.py", line 63, in __call__
    await wrap_app_handling_exceptions(self.app, conn)(scope, receive, send)
  File "C:\Users\vishn\AppData\Local\Programs\Python\Python311\Lib\site-packages\starlette\_exception_handler.py", line 53, in wrapped_app
    raise exc
  File "C:\Users\vishn\AppData\Local\Programs\Python\Python311\Lib\site-packages\starlette\_exception_handler.py", line 42, in wrapped_app
    await app(scope, receive, sender)
  File "C:\Users\vishn\AppData\Local\Programs\Python\Python311\Lib\site-packages\fastapi\middleware\asyncexitstack.py", line 18, in __call__
    await self.app(scope, receive, send)
  File "C:\Users\vishn\AppData\Local\Programs\Python\Python311\Lib\site-packages\starlette\routing.py", line 716, in __call__
    await self.middleware_stack(scope, receive, send)
  File "C:\Users\vishn\AppData\Local\Programs\Python\Python311\Lib\site-packages\starlette\routing.py", line 736, in app
    await route.handle(scope, receive, send)
  File "C:\Users\vishn\AppData\Local\Programs\Python\Python311\Lib\site-packages\starlette\routing.py", line 364, in handle
    await self.app(scope, receive, send)
  File "C:\Users\vishn\AppData\Local\Programs\Python\Python311\Lib\site-packages\fastapi\routing.py", line 156, in app
    await wrap_app_handling_exceptions(app, session)(scope, receive, send)
  File "C:\Users\vishn\AppData\Local\Programs\Python\Python311\Lib\site-packages\starlette\_exception_handler.py", line 53, in wrapped_app
    raise exc
  File "C:\Users\vishn\AppData\Local\Programs\Python\Python311\Lib\site-packages\starlette\_exception_handler.py", line 42, in wrapped_app
    await app(scope, receive, sender)
  File "C:\Users\vishn\AppData\Local\Programs\Python\Python311\Lib\site-packages\fastapi\routing.py", line 153, in app
    await func(session)
  File "C:\Users\vishn\AppData\Local\Programs\Python\Python311\Lib\site-packages\fastapi\routing.py", line 760, in app
    await dependant.call(**solved_result.values)
  File "C:\Users\vishn\Desktop\College\SEMISTER\CSE 6th SEM\Data Science\Project 1\electricity_theft_and_anomaly_detection\api\main.py", line 627, in websocket_live
    await runtime.register_client(websocket)
  File "C:\Users\vishn\Desktop\College\SEMISTER\CSE 6th SEM\Data Science\Project 1\electricity_theft_and_anomaly_detection\api\main.py", line 276, in register_client
    await websocket.send_json(self.snapshot_message())
  File "C:\Users\vishn\AppData\Local\Programs\Python\Python311\Lib\site-packages\starlette\websockets.py", line 174, in send_json
    text = json.dumps(data, separators=(",", ":"), ensure_ascii=False)
           ^^^^^^^^^^^^^^^^^^^^^^^^^^^^^^^^^^^^^^^^^^^^^^^^^^^^^^^^^^^
  File "C:\Users\vishn\AppData\Local\Programs\Python\Python311\Lib\json\__init__.py", line 238, in dumps
    **kw).encode(obj)
          ^^^^^^^^^^^
  File "C:\Users\vishn\AppData\Local\Programs\Python\Python311\Lib\json\encoder.py", line 200, in encode
    chunks = self.iterencode(o, _one_shot=True)
             ^^^^^^^^^^^^^^^^^^^^^^^^^^^^^^^^^^
  File "C:\Users\vishn\AppData\Local\Programs\Python\Python311\Lib\json\encoder.py", line 258, in iterencode
    return _iterencode(o, 0)
           ^^^^^^^^^^^^^^^^^
  File "C:\Users\vishn\AppData\Local\Programs\Python\Python311\Lib\json\encoder.py", line 180, in default
    raise TypeError(f'Object of type {o.__class__.__name__} '
TypeError: Object of type Timestamp is not JSON serializable
INFO:     connection open
INFO:     connection closed
INFO:     127.0.0.1:61090 - "WebSocket /ws/live" [accepted]
ERROR:    Exception in ASGI application
Traceback (most recent call last):
  File "C:\Users\vishn\AppData\Local\Programs\Python\Python311\Lib\site-packages\uvicorn\protocols\websockets\websockets_impl.py", line 244, in run_asgi
    result = await self.app(self.scope, self.asgi_receive, self.asgi_send)  # type: ignore[func-returns-value]
             ^^^^^^^^^^^^^^^^^^^^^^^^^^^^^^^^^^^^^^^^^^^^^^^^^^^^^^^^^^^^^
  File "C:\Users\vishn\AppData\Local\Programs\Python\Python311\Lib\site-packages\uvicorn\middleware\proxy_headers.py", line 60, in __call__
    return await self.app(scope, receive, send)
           ^^^^^^^^^^^^^^^^^^^^^^^^^^^^^^^^^^^^
  File "C:\Users\vishn\AppData\Local\Programs\Python\Python311\Lib\site-packages\fastapi\applications.py", line 1160, in __call__
    await super().__call__(scope, receive, send)
  File "C:\Users\vishn\AppData\Local\Programs\Python\Python311\Lib\site-packages\starlette\applications.py", line 107, in __call__
    await self.middleware_stack(scope, receive, send)
  File "C:\Users\vishn\AppData\Local\Programs\Python\Python311\Lib\site-packages\starlette\middleware\errors.py", line 151, in __call__
    await self.app(scope, receive, send)
  File "C:\Users\vishn\AppData\Local\Programs\Python\Python311\Lib\site-packages\starlette\middleware\cors.py", line 79, in __call__
    await self.app(scope, receive, send)
  File "C:\Users\vishn\AppData\Local\Programs\Python\Python311\Lib\site-packages\starlette\middleware\exceptions.py", line 63, in __call__
    await wrap_app_handling_exceptions(self.app, conn)(scope, receive, send)
  File "C:\Users\vishn\AppData\Local\Programs\Python\Python311\Lib\site-packages\starlette\_exception_handler.py", line 53, in wrapped_app
    raise exc
  File "C:\Users\vishn\AppData\Local\Programs\Python\Python311\Lib\site-packages\starlette\_exception_handler.py", line 42, in wrapped_app
    await app(scope, receive, sender)
  File "C:\Users\vishn\AppData\Local\Programs\Python\Python311\Lib\site-packages\fastapi\middleware\asyncexitstack.py", line 18, in __call__
    await self.app(scope, receive, send)
  File "C:\Users\vishn\AppData\Local\Programs\Python\Python311\Lib\site-packages\starlette\routing.py", line 716, in __call__
    await self.middleware_stack(scope, receive, send)
  File "C:\Users\vishn\AppData\Local\Programs\Python\Python311\Lib\site-packages\starlette\routing.py", line 736, in app
    await route.handle(scope, receive, send)
  File "C:\Users\vishn\AppData\Local\Programs\Python\Python311\Lib\site-packages\starlette\routing.py", line 364, in handle
    await self.app(scope, receive, send)
  File "C:\Users\vishn\AppData\Local\Programs\Python\Python311\Lib\site-packages\fastapi\routing.py", line 156, in app
    await wrap_app_handling_exceptions(app, session)(scope, receive, send)
  File "C:\Users\vishn\AppData\Local\Programs\Python\Python311\Lib\site-packages\starlette\_exception_handler.py", line 53, in wrapped_app
    raise exc
  File "C:\Users\vishn\AppData\Local\Programs\Python\Python311\Lib\site-packages\starlette\_exception_handler.py", line 42, in wrapped_app
    await app(scope, receive, sender)
  File "C:\Users\vishn\AppData\Local\Programs\Python\Python311\Lib\site-packages\fastapi\routing.py", line 153, in app
    await func(session)
  File "C:\Users\vishn\AppData\Local\Programs\Python\Python311\Lib\site-packages\fastapi\routing.py", line 760, in app
    await dependant.call(**solved_result.values)
  File "C:\Users\vishn\Desktop\College\SEMISTER\CSE 6th SEM\Data Science\Project 1\electricity_theft_and_anomaly_detection\api\main.py", line 627, in websocket_live
    await runtime.register_client(websocket)
  File "C:\Users\vishn\Desktop\College\SEMISTER\CSE 6th SEM\Data Science\Project 1\electricity_theft_and_anomaly_detection\api\main.py", line 276, in register_client
    await websocket.send_json(self.snapshot_message())
  File "C:\Users\vishn\AppData\Local\Programs\Python\Python311\Lib\site-packages\starlette\websockets.py", line 174, in send_json
    text = json.dumps(data, separators=(",", ":"), ensure_ascii=False)
           ^^^^^^^^^^^^^^^^^^^^^^^^^^^^^^^^^^^^^^^^^^^^^^^^^^^^^^^^^^^
  File "C:\Users\vishn\AppData\Local\Programs\Python\Python311\Lib\json\__init__.py", line 238, in dumps
    **kw).encode(obj)
          ^^^^^^^^^^^
  File "C:\Users\vishn\AppData\Local\Programs\Python\Python311\Lib\json\encoder.py", line 200, in encode
    chunks = self.iterencode(o, _one_shot=True)
             ^^^^^^^^^^^^^^^^^^^^^^^^^^^^^^^^^^
  File "C:\Users\vishn\AppData\Local\Programs\Python\Python311\Lib\json\encoder.py", line 258, in iterencode
    return _iterencode(o, 0)
           ^^^^^^^^^^^^^^^^^
  File "C:\Users\vishn\AppData\Local\Programs\Python\Python311\Lib\json\encoder.py", line 180, in default
    raise TypeError(f'Object of type {o.__class__.__name__} '
TypeError: Object of type Timestamp is not JSON serializable
INFO:     connection open
INFO:     connection closed
INFO:     127.0.0.1:64799 - "WebSocket /ws/live" [accepted]
ERROR:    Exception in ASGI application
Traceback (most recent call last):
  File "C:\Users\vishn\AppData\Local\Programs\Python\Python311\Lib\site-packages\uvicorn\protocols\websockets\websockets_impl.py", line 244, in run_asgi
    result = await self.app(self.scope, self.asgi_receive, self.asgi_send)  # type: ignore[func-returns-value]
             ^^^^^^^^^^^^^^^^^^^^^^^^^^^^^^^^^^^^^^^^^^^^^^^^^^^^^^^^^^^^^
  File "C:\Users\vishn\AppData\Local\Programs\Python\Python311\Lib\site-packages\uvicorn\middleware\proxy_headers.py", line 60, in __call__
    return await self.app(scope, receive, send)
           ^^^^^^^^^^^^^^^^^^^^^^^^^^^^^^^^^^^^
  File "C:\Users\vishn\AppData\Local\Programs\Python\Python311\Lib\site-packages\fastapi\applications.py", line 1160, in __call__
    await super().__call__(scope, receive, send)
  File "C:\Users\vishn\AppData\Local\Programs\Python\Python311\Lib\site-packages\starlette\applications.py", line 107, in __call__
    await self.middleware_stack(scope, receive, send)
  File "C:\Users\vishn\AppData\Local\Programs\Python\Python311\Lib\site-packages\starlette\middleware\errors.py", line 151, in __call__
    await self.app(scope, receive, send)
  File "C:\Users\vishn\AppData\Local\Programs\Python\Python311\Lib\site-packages\starlette\middleware\cors.py", line 79, in __call__
    await self.app(scope, receive, send)
  File "C:\Users\vishn\AppData\Local\Programs\Python\Python311\Lib\site-packages\starlette\middleware\exceptions.py", line 63, in __call__
    await wrap_app_handling_exceptions(self.app, conn)(scope, receive, send)
  File "C:\Users\vishn\AppData\Local\Programs\Python\Python311\Lib\site-packages\starlette\_exception_handler.py", line 53, in wrapped_app
    raise exc
  File "C:\Users\vishn\AppData\Local\Programs\Python\Python311\Lib\site-packages\starlette\_exception_handler.py", line 42, in wrapped_app
    await app(scope, receive, sender)
  File "C:\Users\vishn\AppData\Local\Programs\Python\Python311\Lib\site-packages\fastapi\middleware\asyncexitstack.py", line 18, in __call__
    await self.app(scope, receive, send)
  File "C:\Users\vishn\AppData\Local\Programs\Python\Python311\Lib\site-packages\starlette\routing.py", line 716, in __call__
    await self.middleware_stack(scope, receive, send)
  File "C:\Users\vishn\AppData\Local\Programs\Python\Python311\Lib\site-packages\starlette\routing.py", line 736, in app
    await route.handle(scope, receive, send)
  File "C:\Users\vishn\AppData\Local\Programs\Python\Python311\Lib\site-packages\starlette\routing.py", line 364, in handle
    await self.app(scope, receive, send)
  File "C:\Users\vishn\AppData\Local\Programs\Python\Python311\Lib\site-packages\fastapi\routing.py", line 156, in app
    await wrap_app_handling_exceptions(app, session)(scope, receive, send)
  File "C:\Users\vishn\AppData\Local\Programs\Python\Python311\Lib\site-packages\starlette\_exception_handler.py", line 53, in wrapped_app
    raise exc
  File "C:\Users\vishn\AppData\Local\Programs\Python\Python311\Lib\site-packages\starlette\_exception_handler.py", line 42, in wrapped_app
    await app(scope, receive, sender)
  File "C:\Users\vishn\AppData\Local\Programs\Python\Python311\Lib\site-packages\fastapi\routing.py", line 153, in app
    await func(session)
  File "C:\Users\vishn\AppData\Local\Programs\Python\Python311\Lib\site-packages\fastapi\routing.py", line 760, in app
    await dependant.call(**solved_result.values)
  File "C:\Users\vishn\Desktop\College\SEMISTER\CSE 6th SEM\Data Science\Project 1\electricity_theft_and_anomaly_detection\api\main.py", line 627, in websocket_live
    await runtime.register_client(websocket)
  File "C:\Users\vishn\Desktop\College\SEMISTER\CSE 6th SEM\Data Science\Project 1\electricity_theft_and_anomaly_detection\api\main.py", line 276, in register_client
    await websocket.send_json(self.snapshot_message())
  File "C:\Users\vishn\AppData\Local\Programs\Python\Python311\Lib\site-packages\starlette\websockets.py", line 174, in send_json
    text = json.dumps(data, separators=(",", ":"), ensure_ascii=False)
           ^^^^^^^^^^^^^^^^^^^^^^^^^^^^^^^^^^^^^^^^^^^^^^^^^^^^^^^^^^^
  File "C:\Users\vishn\AppData\Local\Programs\Python\Python311\Lib\json\__init__.py", line 238, in dumps
    **kw).encode(obj)
          ^^^^^^^^^^^
  File "C:\Users\vishn\AppData\Local\Programs\Python\Python311\Lib\json\encoder.py", line 200, in encode
    chunks = self.iterencode(o, _one_shot=True)
             ^^^^^^^^^^^^^^^^^^^^^^^^^^^^^^^^^^
  File "C:\Users\vishn\AppData\Local\Programs\Python\Python311\Lib\json\encoder.py", line 258, in iterencode
    return _iterencode(o, 0)
           ^^^^^^^^^^^^^^^^^
  File "C:\Users\vishn\AppData\Local\Programs\Python\Python311\Lib\json\encoder.py", line 180, in default
    raise TypeError(f'Object of type {o.__class__.__name__} '
TypeError: Object of type Timestamp is not JSON serializable
INFO:     connection open
INFO:     connection closed
INFO:     127.0.0.1:55262 - "WebSocket /ws/live" [accepted]
ERROR:    Exception in ASGI application
Traceback (most recent call last):
  File "C:\Users\vishn\AppData\Local\Programs\Python\Python311\Lib\site-packages\uvicorn\protocols\websockets\websockets_impl.py", line 244, in run_asgi
    result = await self.app(self.scope, self.asgi_receive, self.asgi_send)  # type: ignore[func-returns-value]
             ^^^^^^^^^^^^^^^^^^^^^^^^^^^^^^^^^^^^^^^^^^^^^^^^^^^^^^^^^^^^^
  File "C:\Users\vishn\AppData\Local\Programs\Python\Python311\Lib\site-packages\uvicorn\middleware\proxy_headers.py", line 60, in __call__
    return await self.app(scope, receive, send)
           ^^^^^^^^^^^^^^^^^^^^^^^^^^^^^^^^^^^^
  File "C:\Users\vishn\AppData\Local\Programs\Python\Python311\Lib\site-packages\fastapi\applications.py", line 1160, in __call__
    await super().__call__(scope, receive, send)
  File "C:\Users\vishn\AppData\Local\Programs\Python\Python311\Lib\site-packages\starlette\applications.py", line 107, in __call__
    await self.middleware_stack(scope, receive, send)
  File "C:\Users\vishn\AppData\Local\Programs\Python\Python311\Lib\site-packages\starlette\middleware\errors.py", line 151, in __call__
    await self.app(scope, receive, send)
  File "C:\Users\vishn\AppData\Local\Programs\Python\Python311\Lib\site-packages\starlette\middleware\cors.py", line 79, in __call__
    await self.app(scope, receive, send)
  File "C:\Users\vishn\AppData\Local\Programs\Python\Python311\Lib\site-packages\starlette\middleware\exceptions.py", line 63, in __call__
    await wrap_app_handling_exceptions(self.app, conn)(scope, receive, send)
  File "C:\Users\vishn\AppData\Local\Programs\Python\Python311\Lib\site-packages\starlette\_exception_handler.py", line 53, in wrapped_app
    raise exc
  File "C:\Users\vishn\AppData\Local\Programs\Python\Python311\Lib\site-packages\starlette\_exception_handler.py", line 42, in wrapped_app
    await app(scope, receive, sender)
  File "C:\Users\vishn\AppData\Local\Programs\Python\Python311\Lib\site-packages\fastapi\middleware\asyncexitstack.py", line 18, in __call__
    await self.app(scope, receive, send)
  File "C:\Users\vishn\AppData\Local\Programs\Python\Python311\Lib\site-packages\starlette\routing.py", line 716, in __call__
    await self.middleware_stack(scope, receive, send)
  File "C:\Users\vishn\AppData\Local\Programs\Python\Python311\Lib\site-packages\starlette\routing.py", line 736, in app
    await route.handle(scope, receive, send)
  File "C:\Users\vishn\AppData\Local\Programs\Python\Python311\Lib\site-packages\starlette\routing.py", line 364, in handle
    await self.app(scope, receive, send)
  File "C:\Users\vishn\AppData\Local\Programs\Python\Python311\Lib\site-packages\fastapi\routing.py", line 156, in app
    await wrap_app_handling_exceptions(app, session)(scope, receive, send)
  File "C:\Users\vishn\AppData\Local\Programs\Python\Python311\Lib\site-packages\starlette\_exception_handler.py", line 53, in wrapped_app
    raise exc
  File "C:\Users\vishn\AppData\Local\Programs\Python\Python311\Lib\site-packages\starlette\_exception_handler.py", line 42, in wrapped_app
    await app(scope, receive, sender)
  File "C:\Users\vishn\AppData\Local\Programs\Python\Python311\Lib\site-packages\fastapi\routing.py", line 153, in app
    await func(session)
  File "C:\Users\vishn\AppData\Local\Programs\Python\Python311\Lib\site-packages\fastapi\routing.py", line 760, in app
    await dependant.call(**solved_result.values)
  File "C:\Users\vishn\Desktop\College\SEMISTER\CSE 6th SEM\Data Science\Project 1\electricity_theft_and_anomaly_detection\api\main.py", line 627, in websocket_live
    await runtime.register_client(websocket)
  File "C:\Users\vishn\Desktop\College\SEMISTER\CSE 6th SEM\Data Science\Project 1\electricity_theft_and_anomaly_detection\api\main.py", line 276, in register_client
    await websocket.send_json(self.snapshot_message())
  File "C:\Users\vishn\AppData\Local\Programs\Python\Python311\Lib\site-packages\starlette\websockets.py", line 174, in send_json
    text = json.dumps(data, separators=(",", ":"), ensure_ascii=False)
           ^^^^^^^^^^^^^^^^^^^^^^^^^^^^^^^^^^^^^^^^^^^^^^^^^^^^^^^^^^^
  File "C:\Users\vishn\AppData\Local\Programs\Python\Python311\Lib\json\__init__.py", line 238, in dumps
    **kw).encode(obj)
          ^^^^^^^^^^^
  File "C:\Users\vishn\AppData\Local\Programs\Python\Python311\Lib\json\encoder.py", line 200, in encode
    chunks = self.iterencode(o, _one_shot=True)
             ^^^^^^^^^^^^^^^^^^^^^^^^^^^^^^^^^^
  File "C:\Users\vishn\AppData\Local\Programs\Python\Python311\Lib\json\encoder.py", line 258, in iterencode
    return _iterencode(o, 0)
           ^^^^^^^^^^^^^^^^^
  File "C:\Users\vishn\AppData\Local\Programs\Python\Python311\Lib\json\encoder.py", line 180, in default
    raise TypeError(f'Object of type {o.__class__.__name__} '
TypeError: Object of type Timestamp is not JSON serializable
INFO:     connection open
INFO:     connection closed
INFO:     127.0.0.1:50746 - "WebSocket /ws/live" [accepted]
ERROR:    Exception in ASGI application
Traceback (most recent call last):
  File "C:\Users\vishn\AppData\Local\Programs\Python\Python311\Lib\site-packages\uvicorn\protocols\websockets\websockets_impl.py", line 244, in run_asgi
    result = await self.app(self.scope, self.asgi_receive, self.asgi_send)  # type: ignore[func-returns-value]
             ^^^^^^^^^^^^^^^^^^^^^^^^^^^^^^^^^^^^^^^^^^^^^^^^^^^^^^^^^^^^^
  File "C:\Users\vishn\AppData\Local\Programs\Python\Python311\Lib\site-packages\uvicorn\middleware\proxy_headers.py", line 60, in __call__
    return await self.app(scope, receive, send)
           ^^^^^^^^^^^^^^^^^^^^^^^^^^^^^^^^^^^^
  File "C:\Users\vishn\AppData\Local\Programs\Python\Python311\Lib\site-packages\fastapi\applications.py", line 1160, in __call__
    await super().__call__(scope, receive, send)
  File "C:\Users\vishn\AppData\Local\Programs\Python\Python311\Lib\site-packages\starlette\applications.py", line 107, in __call__
    await self.middleware_stack(scope, receive, send)
  File "C:\Users\vishn\AppData\Local\Programs\Python\Python311\Lib\site-packages\starlette\middleware\errors.py", line 151, in __call__
    await self.app(scope, receive, send)
  File "C:\Users\vishn\AppData\Local\Programs\Python\Python311\Lib\site-packages\starlette\middleware\cors.py", line 79, in __call__
    await self.app(scope, receive, send)
  File "C:\Users\vishn\AppData\Local\Programs\Python\Python311\Lib\site-packages\starlette\middleware\exceptions.py", line 63, in __call__
    await wrap_app_handling_exceptions(self.app, conn)(scope, receive, send)
  File "C:\Users\vishn\AppData\Local\Programs\Python\Python311\Lib\site-packages\starlette\_exception_handler.py", line 53, in wrapped_app
    raise exc
  File "C:\Users\vishn\AppData\Local\Programs\Python\Python311\Lib\site-packages\starlette\_exception_handler.py", line 42, in wrapped_app
    await app(scope, receive, sender)
  File "C:\Users\vishn\AppData\Local\Programs\Python\Python311\Lib\site-packages\fastapi\middleware\asyncexitstack.py", line 18, in __call__
    await self.app(scope, receive, send)
  File "C:\Users\vishn\AppData\Local\Programs\Python\Python311\Lib\site-packages\starlette\routing.py", line 716, in __call__
    await self.middleware_stack(scope, receive, send)
  File "C:\Users\vishn\AppData\Local\Programs\Python\Python311\Lib\site-packages\starlette\routing.py", line 736, in app
    await route.handle(scope, receive, send)
  File "C:\Users\vishn\AppData\Local\Programs\Python\Python311\Lib\site-packages\starlette\routing.py", line 364, in handle
    await self.app(scope, receive, send)
  File "C:\Users\vishn\AppData\Local\Programs\Python\Python311\Lib\site-packages\fastapi\routing.py", line 156, in app
    await wrap_app_handling_exceptions(app, session)(scope, receive, send)
  File "C:\Users\vishn\AppData\Local\Programs\Python\Python311\Lib\site-packages\starlette\_exception_handler.py", line 53, in wrapped_app
    raise exc
  File "C:\Users\vishn\AppData\Local\Programs\Python\Python311\Lib\site-packages\starlette\_exception_handler.py", line 42, in wrapped_app
    await app(scope, receive, sender)
  File "C:\Users\vishn\AppData\Local\Programs\Python\Python311\Lib\site-packages\fastapi\routing.py", line 153, in app
    await func(session)
  File "C:\Users\vishn\AppData\Local\Programs\Python\Python311\Lib\site-packages\fastapi\routing.py", line 760, in app
    await dependant.call(**solved_result.values)
  File "C:\Users\vishn\Desktop\College\SEMISTER\CSE 6th SEM\Data Science\Project 1\electricity_theft_and_anomaly_detection\api\main.py", line 627, in websocket_live
    await runtime.register_client(websocket)
  File "C:\Users\vishn\Desktop\College\SEMISTER\CSE 6th SEM\Data Science\Project 1\electricity_theft_and_anomaly_detection\api\main.py", line 276, in register_client
    await websocket.send_json(self.snapshot_message())
  File "C:\Users\vishn\AppData\Local\Programs\Python\Python311\Lib\site-packages\starlette\websockets.py", line 174, in send_json
    text = json.dumps(data, separators=(",", ":"), ensure_ascii=False)
           ^^^^^^^^^^^^^^^^^^^^^^^^^^^^^^^^^^^^^^^^^^^^^^^^^^^^^^^^^^^
  File "C:\Users\vishn\AppData\Local\Programs\Python\Python311\Lib\json\__init__.py", line 238, in dumps
    **kw).encode(obj)
          ^^^^^^^^^^^
  File "C:\Users\vishn\AppData\Local\Programs\Python\Python311\Lib\json\encoder.py", line 200, in encode
    chunks = self.iterencode(o, _one_shot=True)
             ^^^^^^^^^^^^^^^^^^^^^^^^^^^^^^^^^^
  File "C:\Users\vishn\AppData\Local\Programs\Python\Python311\Lib\json\encoder.py", line 258, in iterencode
    return _iterencode(o, 0)
           ^^^^^^^^^^^^^^^^^
  File "C:\Users\vishn\AppData\Local\Programs\Python\Python311\Lib\json\encoder.py", line 180, in default
    raise TypeError(f'Object of type {o.__class__.__name__} '
TypeError: Object of type Timestamp is not JSON serializable
INFO:     connection open
INFO:     connection closed
INFO:     127.0.0.1:63855 - "WebSocket /ws/live" [accepted]
ERROR:    Exception in ASGI application
Traceback (most recent call last):
  File "C:\Users\vishn\AppData\Local\Programs\Python\Python311\Lib\site-packages\uvicorn\protocols\websockets\websockets_impl.py", line 244, in run_asgi
    result = await self.app(self.scope, self.asgi_receive, self.asgi_send)  # type: ignore[func-returns-value]
             ^^^^^^^^^^^^^^^^^^^^^^^^^^^^^^^^^^^^^^^^^^^^^^^^^^^^^^^^^^^^^
  File "C:\Users\vishn\AppData\Local\Programs\Python\Python311\Lib\site-packages\uvicorn\middleware\proxy_headers.py", line 60, in __call__
    return await self.app(scope, receive, send)
           ^^^^^^^^^^^^^^^^^^^^^^^^^^^^^^^^^^^^
  File "C:\Users\vishn\AppData\Local\Programs\Python\Python311\Lib\site-packages\fastapi\applications.py", line 1160, in __call__
    await super().__call__(scope, receive, send)
  File "C:\Users\vishn\AppData\Local\Programs\Python\Python311\Lib\site-packages\starlette\applications.py", line 107, in __call__
    await self.middleware_stack(scope, receive, send)
  File "C:\Users\vishn\AppData\Local\Programs\Python\Python311\Lib\site-packages\starlette\middleware\errors.py", line 151, in __call__
    await self.app(scope, receive, send)
  File "C:\Users\vishn\AppData\Local\Programs\Python\Python311\Lib\site-packages\starlette\middleware\cors.py", line 79, in __call__
    await self.app(scope, receive, send)
  File "C:\Users\vishn\AppData\Local\Programs\Python\Python311\Lib\site-packages\starlette\middleware\exceptions.py", line 63, in __call__
    await wrap_app_handling_exceptions(self.app, conn)(scope, receive, send)
  File "C:\Users\vishn\AppData\Local\Programs\Python\Python311\Lib\site-packages\starlette\_exception_handler.py", line 53, in wrapped_app
    raise exc
  File "C:\Users\vishn\AppData\Local\Programs\Python\Python311\Lib\site-packages\starlette\_exception_handler.py", line 42, in wrapped_app
    await app(scope, receive, sender)
  File "C:\Users\vishn\AppData\Local\Programs\Python\Python311\Lib\site-packages\fastapi\middleware\asyncexitstack.py", line 18, in __call__
    await self.app(scope, receive, send)
  File "C:\Users\vishn\AppData\Local\Programs\Python\Python311\Lib\site-packages\starlette\routing.py", line 716, in __call__
    await self.middleware_stack(scope, receive, send)
  File "C:\Users\vishn\AppData\Local\Programs\Python\Python311\Lib\site-packages\starlette\routing.py", line 736, in app
    await route.handle(scope, receive, send)
  File "C:\Users\vishn\AppData\Local\Programs\Python\Python311\Lib\site-packages\starlette\routing.py", line 364, in handle
    await self.app(scope, receive, send)
  File "C:\Users\vishn\AppData\Local\Programs\Python\Python311\Lib\site-packages\fastapi\routing.py", line 156, in app
    await wrap_app_handling_exceptions(app, session)(scope, receive, send)
  File "C:\Users\vishn\AppData\Local\Programs\Python\Python311\Lib\site-packages\starlette\_exception_handler.py", line 53, in wrapped_app
    raise exc
  File "C:\Users\vishn\AppData\Local\Programs\Python\Python311\Lib\site-packages\starlette\_exception_handler.py", line 42, in wrapped_app
    await app(scope, receive, sender)
  File "C:\Users\vishn\AppData\Local\Programs\Python\Python311\Lib\site-packages\fastapi\routing.py", line 153, in app
    await func(session)
  File "C:\Users\vishn\AppData\Local\Programs\Python\Python311\Lib\site-packages\fastapi\routing.py", line 760, in app
    await dependant.call(**solved_result.values)
  File "C:\Users\vishn\Desktop\College\SEMISTER\CSE 6th SEM\Data Science\Project 1\electricity_theft_and_anomaly_detection\api\main.py", line 627, in websocket_live
    await runtime.register_client(websocket)
  File "C:\Users\vishn\Desktop\College\SEMISTER\CSE 6th SEM\Data Science\Project 1\electricity_theft_and_anomaly_detection\api\main.py", line 276, in register_client
    await websocket.send_json(self.snapshot_message())
  File "C:\Users\vishn\AppData\Local\Programs\Python\Python311\Lib\site-packages\starlette\websockets.py", line 174, in send_json
    text = json.dumps(data, separators=(",", ":"), ensure_ascii=False)
           ^^^^^^^^^^^^^^^^^^^^^^^^^^^^^^^^^^^^^^^^^^^^^^^^^^^^^^^^^^^
  File "C:\Users\vishn\AppData\Local\Programs\Python\Python311\Lib\json\__init__.py", line 238, in dumps
    **kw).encode(obj)
          ^^^^^^^^^^^
  File "C:\Users\vishn\AppData\Local\Programs\Python\Python311\Lib\json\encoder.py", line 200, in encode
    chunks = self.iterencode(o, _one_shot=True)
             ^^^^^^^^^^^^^^^^^^^^^^^^^^^^^^^^^^
  File "C:\Users\vishn\AppData\Local\Programs\Python\Python311\Lib\json\encoder.py", line 258, in iterencode
    return _iterencode(o, 0)
           ^^^^^^^^^^^^^^^^^
  File "C:\Users\vishn\AppData\Local\Programs\Python\Python311\Lib\json\encoder.py", line 180, in default
    raise TypeError(f'Object of type {o.__class__.__name__} '
TypeError: Object of type Timestamp is not JSON serializable
INFO:     connection open
INFO:     connection closed
INFO:     127.0.0.1:55928 - "WebSocket /ws/live" [accepted]
ERROR:    Exception in ASGI application
Traceback (most recent call last):
  File "C:\Users\vishn\AppData\Local\Programs\Python\Python311\Lib\site-packages\uvicorn\protocols\websockets\websockets_impl.py", line 244, in run_asgi
    result = await self.app(self.scope, self.asgi_receive, self.asgi_send)  # type: ignore[func-returns-value]
             ^^^^^^^^^^^^^^^^^^^^^^^^^^^^^^^^^^^^^^^^^^^^^^^^^^^^^^^^^^^^^
  File "C:\Users\vishn\AppData\Local\Programs\Python\Python311\Lib\site-packages\uvicorn\middleware\proxy_headers.py", line 60, in __call__
    return await self.app(scope, receive, send)
           ^^^^^^^^^^^^^^^^^^^^^^^^^^^^^^^^^^^^
  File "C:\Users\vishn\AppData\Local\Programs\Python\Python311\Lib\site-packages\fastapi\applications.py", line 1160, in __call__
    await super().__call__(scope, receive, send)
  File "C:\Users\vishn\AppData\Local\Programs\Python\Python311\Lib\site-packages\starlette\applications.py", line 107, in __call__
    await self.middleware_stack(scope, receive, send)
  File "C:\Users\vishn\AppData\Local\Programs\Python\Python311\Lib\site-packages\starlette\middleware\errors.py", line 151, in __call__
    await self.app(scope, receive, send)
  File "C:\Users\vishn\AppData\Local\Programs\Python\Python311\Lib\site-packages\starlette\middleware\cors.py", line 79, in __call__
    await self.app(scope, receive, send)
  File "C:\Users\vishn\AppData\Local\Programs\Python\Python311\Lib\site-packages\starlette\middleware\exceptions.py", line 63, in __call__
    await wrap_app_handling_exceptions(self.app, conn)(scope, receive, send)
  File "C:\Users\vishn\AppData\Local\Programs\Python\Python311\Lib\site-packages\starlette\_exception_handler.py", line 53, in wrapped_app
    raise exc
  File "C:\Users\vishn\AppData\Local\Programs\Python\Python311\Lib\site-packages\starlette\_exception_handler.py", line 42, in wrapped_app
    await app(scope, receive, sender)
  File "C:\Users\vishn\AppData\Local\Programs\Python\Python311\Lib\site-packages\fastapi\middleware\asyncexitstack.py", line 18, in __call__
    await self.app(scope, receive, send)
  File "C:\Users\vishn\AppData\Local\Programs\Python\Python311\Lib\site-packages\starlette\routing.py", line 716, in __call__
    await self.middleware_stack(scope, receive, send)
  File "C:\Users\vishn\AppData\Local\Programs\Python\Python311\Lib\site-packages\starlette\routing.py", line 736, in app
    await route.handle(scope, receive, send)
  File "C:\Users\vishn\AppData\Local\Programs\Python\Python311\Lib\site-packages\starlette\routing.py", line 364, in handle
    await self.app(scope, receive, send)
  File "C:\Users\vishn\AppData\Local\Programs\Python\Python311\Lib\site-packages\fastapi\routing.py", line 156, in app
    await wrap_app_handling_exceptions(app, session)(scope, receive, send)
  File "C:\Users\vishn\AppData\Local\Programs\Python\Python311\Lib\site-packages\starlette\_exception_handler.py", line 53, in wrapped_app
    raise exc
  File "C:\Users\vishn\AppData\Local\Programs\Python\Python311\Lib\site-packages\starlette\_exception_handler.py", line 42, in wrapped_app
    await app(scope, receive, sender)
  File "C:\Users\vishn\AppData\Local\Programs\Python\Python311\Lib\site-packages\fastapi\routing.py", line 153, in app
    await func(session)
  File "C:\Users\vishn\AppData\Local\Programs\Python\Python311\Lib\site-packages\fastapi\routing.py", line 760, in app
    await dependant.call(**solved_result.values)
  File "C:\Users\vishn\Desktop\College\SEMISTER\CSE 6th SEM\Data Science\Project 1\electricity_theft_and_anomaly_detection\api\main.py", line 627, in websocket_live
    await runtime.register_client(websocket)
  File "C:\Users\vishn\Desktop\College\SEMISTER\CSE 6th SEM\Data Science\Project 1\electricity_theft_and_anomaly_detection\api\main.py", line 276, in register_client
    await websocket.send_json(self.snapshot_message())
  File "C:\Users\vishn\AppData\Local\Programs\Python\Python311\Lib\site-packages\starlette\websockets.py", line 174, in send_json
    text = json.dumps(data, separators=(",", ":"), ensure_ascii=False)
           ^^^^^^^^^^^^^^^^^^^^^^^^^^^^^^^^^^^^^^^^^^^^^^^^^^^^^^^^^^^
  File "C:\Users\vishn\AppData\Local\Programs\Python\Python311\Lib\json\__init__.py", line 238, in dumps
    **kw).encode(obj)
          ^^^^^^^^^^^
  File "C:\Users\vishn\AppData\Local\Programs\Python\Python311\Lib\json\encoder.py", line 200, in encode
    chunks = self.iterencode(o, _one_shot=True)
             ^^^^^^^^^^^^^^^^^^^^^^^^^^^^^^^^^^
  File "C:\Users\vishn\AppData\Local\Programs\Python\Python311\Lib\json\encoder.py", line 258, in iterencode
    return _iterencode(o, 0)
           ^^^^^^^^^^^^^^^^^
  File "C:\Users\vishn\AppData\Local\Programs\Python\Python311\Lib\json\encoder.py", line 180, in default
    raise TypeError(f'Object of type {o.__class__.__name__} '
TypeError: Object of type Timestamp is not JSON serializable
INFO:     connection open
INFO:     connection closed
INFO:     127.0.0.1:55118 - "WebSocket /ws/live" [accepted]
ERROR:    Exception in ASGI application
Traceback (most recent call last):
  File "C:\Users\vishn\AppData\Local\Programs\Python\Python311\Lib\site-packages\uvicorn\protocols\websockets\websockets_impl.py", line 244, in run_asgi
    result = await self.app(self.scope, self.asgi_receive, self.asgi_send)  # type: ignore[func-returns-value]
             ^^^^^^^^^^^^^^^^^^^^^^^^^^^^^^^^^^^^^^^^^^^^^^^^^^^^^^^^^^^^^
  File "C:\Users\vishn\AppData\Local\Programs\Python\Python311\Lib\site-packages\uvicorn\middleware\proxy_headers.py", line 60, in __call__
    return await self.app(scope, receive, send)
           ^^^^^^^^^^^^^^^^^^^^^^^^^^^^^^^^^^^^
  File "C:\Users\vishn\AppData\Local\Programs\Python\Python311\Lib\site-packages\fastapi\applications.py", line 1160, in __call__
    await super().__call__(scope, receive, send)
  File "C:\Users\vishn\AppData\Local\Programs\Python\Python311\Lib\site-packages\starlette\applications.py", line 107, in __call__
    await self.middleware_stack(scope, receive, send)
  File "C:\Users\vishn\AppData\Local\Programs\Python\Python311\Lib\site-packages\starlette\middleware\errors.py", line 151, in __call__
    await self.app(scope, receive, send)
  File "C:\Users\vishn\AppData\Local\Programs\Python\Python311\Lib\site-packages\starlette\middleware\cors.py", line 79, in __call__
    await self.app(scope, receive, send)
  File "C:\Users\vishn\AppData\Local\Programs\Python\Python311\Lib\site-packages\starlette\middleware\exceptions.py", line 63, in __call__
    await wrap_app_handling_exceptions(self.app, conn)(scope, receive, send)
  File "C:\Users\vishn\AppData\Local\Programs\Python\Python311\Lib\site-packages\starlette\_exception_handler.py", line 53, in wrapped_app
    raise exc
  File "C:\Users\vishn\AppData\Local\Programs\Python\Python311\Lib\site-packages\starlette\_exception_handler.py", line 42, in wrapped_app
    await app(scope, receive, sender)
  File "C:\Users\vishn\AppData\Local\Programs\Python\Python311\Lib\site-packages\fastapi\middleware\asyncexitstack.py", line 18, in __call__
    await self.app(scope, receive, send)
  File "C:\Users\vishn\AppData\Local\Programs\Python\Python311\Lib\site-packages\starlette\routing.py", line 716, in __call__
    await self.middleware_stack(scope, receive, send)
  File "C:\Users\vishn\AppData\Local\Programs\Python\Python311\Lib\site-packages\starlette\routing.py", line 736, in app
    await route.handle(scope, receive, send)
  File "C:\Users\vishn\AppData\Local\Programs\Python\Python311\Lib\site-packages\starlette\routing.py", line 364, in handle
    await self.app(scope, receive, send)
  File "C:\Users\vishn\AppData\Local\Programs\Python\Python311\Lib\site-packages\fastapi\routing.py", line 156, in app
    await wrap_app_handling_exceptions(app, session)(scope, receive, send)
  File "C:\Users\vishn\AppData\Local\Programs\Python\Python311\Lib\site-packages\starlette\_exception_handler.py", line 53, in wrapped_app
    raise exc
  File "C:\Users\vishn\AppData\Local\Programs\Python\Python311\Lib\site-packages\starlette\_exception_handler.py", line 42, in wrapped_app
    await app(scope, receive, sender)
  File "C:\Users\vishn\AppData\Local\Programs\Python\Python311\Lib\site-packages\fastapi\routing.py", line 153, in app
    await func(session)
  File "C:\Users\vishn\AppData\Local\Programs\Python\Python311\Lib\site-packages\fastapi\routing.py", line 760, in app
    await dependant.call(**solved_result.values)
  File "C:\Users\vishn\Desktop\College\SEMISTER\CSE 6th SEM\Data Science\Project 1\electricity_theft_and_anomaly_detection\api\main.py", line 627, in websocket_live
    await runtime.register_client(websocket)
  File "C:\Users\vishn\Desktop\College\SEMISTER\CSE 6th SEM\Data Science\Project 1\electricity_theft_and_anomaly_detection\api\main.py", line 276, in register_client
    await websocket.send_json(self.snapshot_message())
  File "C:\Users\vishn\AppData\Local\Programs\Python\Python311\Lib\site-packages\starlette\websockets.py", line 174, in send_json
    text = json.dumps(data, separators=(",", ":"), ensure_ascii=False)
           ^^^^^^^^^^^^^^^^^^^^^^^^^^^^^^^^^^^^^^^^^^^^^^^^^^^^^^^^^^^
  File "C:\Users\vishn\AppData\Local\Programs\Python\Python311\Lib\json\__init__.py", line 238, in dumps
    **kw).encode(obj)
          ^^^^^^^^^^^
  File "C:\Users\vishn\AppData\Local\Programs\Python\Python311\Lib\json\encoder.py", line 200, in encode
    chunks = self.iterencode(o, _one_shot=True)
             ^^^^^^^^^^^^^^^^^^^^^^^^^^^^^^^^^^
  File "C:\Users\vishn\AppData\Local\Programs\Python\Python311\Lib\json\encoder.py", line 258, in iterencode
    return _iterencode(o, 0)
           ^^^^^^^^^^^^^^^^^
  File "C:\Users\vishn\AppData\Local\Programs\Python\Python311\Lib\json\encoder.py", line 180, in default
    raise TypeError(f'Object of type {o.__class__.__name__} '
TypeError: Object of type Timestamp is not JSON serializable
INFO:     connection open
INFO:     connection closed
